{"/Users/michaljuhas/Projects/ai-with-michal/stripe-cli/src/cli.ts": {"path":"/Users/michaljuhas/Projects/ai-with-michal/stripe-cli/src/cli.ts","statementMap":{"0":{"start":{"line":1,"column":0},"end":{"line":1,"column":36}},"1":{"start":{"line":2,"column":0},"end":{"line":2,"column":44}},"2":{"start":{"line":3,"column":0},"end":{"line":3,"column":41}},"3":{"start":{"line":4,"column":0},"end":{"line":4,"column":44}},"4":{"start":{"line":5,"column":0},"end":{"line":5,"column":43}},"5":{"start":{"line":6,"column":0},"end":{"line":6,"column":46}},"6":{"start":{"line":7,"column":0},"end":{"line":7,"column":57}},"7":{"start":{"line":8,"column":0},"end":{"line":8,"column":42}},"8":{"start":{"line":9,"column":0},"end":{"line":9,"column":54}},"9":{"start":{"line":10,"column":0},"end":{"line":10,"column":44}},"10":{"start":{"line":11,"column":0},"end":{"line":11,"column":40}},"11":{"start":{"line":12,"column":0},"end":{"line":12,"column":44}},"12":{"start":{"line":13,"column":0},"end":{"line":13,"column":42}},"13":{"start":{"line":14,"column":0},"end":{"line":14,"column":40}},"14":{"start":{"line":15,"column":0},"end":{"line":15,"column":61}},"15":{"start":{"line":18,"column":16},"end":{"line":18,"column":29}},"16":{"start":{"line":697,"column":9},"end":{"line":697,"column":16}},"17":{"start":{"line":20,"column":0},"end":{"line":26,"column":71}},"18":{"start":{"line":29,"column":14},"end":{"line":29,"column":40}},"19":{"start":{"line":30,"column":2},"end":{"line":30,"column":57}},"20":{"start":{"line":37,"column":2},"end":{"line":43,"column":3}},"21":{"start":{"line":38,"column":19},"end":{"line":38,"column":29}},"22":{"start":{"line":39,"column":4},"end":{"line":39,"column":66}},"23":{"start":{"line":41,"column":4},"end":{"line":41,"column":36}},"24":{"start":{"line":42,"column":4},"end":{"line":42,"column":20}},"25":{"start":{"line":47,"column":2},"end":{"line":47,"column":26}},"26":{"start":{"line":47,"column":16},"end":{"line":47,"column":26}},"27":{"start":{"line":48,"column":2},"end":{"line":53,"column":3}},"28":{"start":{"line":49,"column":4},"end":{"line":49,"column":31}},"29":{"start":{"line":51,"column":4},"end":{"line":51,"column":55}},"30":{"start":{"line":52,"column":4},"end":{"line":52,"column":20}},"31":{"start":{"line":57,"column":21},"end":{"line":57,"column":81}},"32":{"start":{"line":59,"column":0},"end":{"line":71,"column":5}},"33":{"start":{"line":67,"column":23},"end":{"line":67,"column":55}},"34":{"start":{"line":68,"column":19},"end":{"line":68,"column":40}},"35":{"start":{"line":69,"column":19},"end":{"line":69,"column":169}},"36":{"start":{"line":70,"column":4},"end":{"line":70,"column":83}},"37":{"start":{"line":70,"column":20},"end":{"line":70,"column":52}},"38":{"start":{"line":73,"column":0},"end":{"line":80,"column":5}},"39":{"start":{"line":77,"column":23},"end":{"line":77,"column":55}},"40":{"start":{"line":78,"column":19},"end":{"line":78,"column":40}},"41":{"start":{"line":79,"column":4},"end":{"line":79,"column":81}},"42":{"start":{"line":79,"column":20},"end":{"line":79,"column":50}},"43":{"start":{"line":82,"column":0},"end":{"line":93,"column":5}},"44":{"start":{"line":89,"column":23},"end":{"line":89,"column":55}},"45":{"start":{"line":90,"column":19},"end":{"line":90,"column":40}},"46":{"start":{"line":91,"column":19},"end":{"line":91,"column":127}},"47":{"start":{"line":92,"column":4},"end":{"line":92,"column":87}},"48":{"start":{"line":92,"column":20},"end":{"line":92,"column":56}},"49":{"start":{"line":95,"column":0},"end":{"line":102,"column":5}},"50":{"start":{"line":99,"column":23},"end":{"line":99,"column":55}},"51":{"start":{"line":100,"column":19},"end":{"line":100,"column":40}},"52":{"start":{"line":101,"column":4},"end":{"line":101,"column":76}},"53":{"start":{"line":101,"column":20},"end":{"line":101,"column":45}},"54":{"start":{"line":104,"column":0},"end":{"line":115,"column":5}},"55":{"start":{"line":111,"column":23},"end":{"line":111,"column":55}},"56":{"start":{"line":112,"column":19},"end":{"line":112,"column":40}},"57":{"start":{"line":113,"column":19},"end":{"line":113,"column":146}},"58":{"start":{"line":114,"column":4},"end":{"line":114,"column":81}},"59":{"start":{"line":114,"column":20},"end":{"line":114,"column":50}},"60":{"start":{"line":117,"column":0},"end":{"line":125,"column":5}},"61":{"start":{"line":122,"column":23},"end":{"line":122,"column":55}},"62":{"start":{"line":123,"column":19},"end":{"line":123,"column":40}},"63":{"start":{"line":124,"column":4},"end":{"line":124,"column":98}},"64":{"start":{"line":124,"column":20},"end":{"line":124,"column":67}},"65":{"start":{"line":128,"column":26},"end":{"line":128,"column":98}},"66":{"start":{"line":130,"column":0},"end":{"line":142,"column":5}},"67":{"start":{"line":138,"column":23},"end":{"line":138,"column":55}},"68":{"start":{"line":139,"column":19},"end":{"line":139,"column":40}},"69":{"start":{"line":140,"column":19},"end":{"line":140,"column":157}},"70":{"start":{"line":141,"column":4},"end":{"line":141,"column":88}},"71":{"start":{"line":141,"column":20},"end":{"line":141,"column":57}},"72":{"start":{"line":144,"column":0},"end":{"line":151,"column":5}},"73":{"start":{"line":148,"column":23},"end":{"line":148,"column":55}},"74":{"start":{"line":149,"column":19},"end":{"line":149,"column":40}},"75":{"start":{"line":150,"column":4},"end":{"line":150,"column":86}},"76":{"start":{"line":150,"column":20},"end":{"line":150,"column":55}},"77":{"start":{"line":153,"column":0},"end":{"line":161,"column":5}},"78":{"start":{"line":158,"column":23},"end":{"line":158,"column":55}},"79":{"start":{"line":159,"column":19},"end":{"line":159,"column":40}},"80":{"start":{"line":160,"column":4},"end":{"line":160,"column":106}},"81":{"start":{"line":160,"column":20},"end":{"line":160,"column":75}},"82":{"start":{"line":163,"column":0},"end":{"line":171,"column":5}},"83":{"start":{"line":168,"column":23},"end":{"line":168,"column":55}},"84":{"start":{"line":169,"column":19},"end":{"line":169,"column":40}},"85":{"start":{"line":170,"column":4},"end":{"line":170,"column":115}},"86":{"start":{"line":170,"column":20},"end":{"line":170,"column":84}},"87":{"start":{"line":173,"column":0},"end":{"line":181,"column":5}},"88":{"start":{"line":178,"column":23},"end":{"line":178,"column":55}},"89":{"start":{"line":179,"column":19},"end":{"line":179,"column":40}},"90":{"start":{"line":180,"column":4},"end":{"line":180,"column":144}},"91":{"start":{"line":180,"column":20},"end":{"line":180,"column":113}},"92":{"start":{"line":183,"column":0},"end":{"line":190,"column":5}},"93":{"start":{"line":187,"column":23},"end":{"line":187,"column":55}},"94":{"start":{"line":188,"column":19},"end":{"line":188,"column":40}},"95":{"start":{"line":189,"column":4},"end":{"line":189,"column":85}},"96":{"start":{"line":189,"column":20},"end":{"line":189,"column":54}},"97":{"start":{"line":192,"column":0},"end":{"line":199,"column":5}},"98":{"start":{"line":196,"column":23},"end":{"line":196,"column":55}},"99":{"start":{"line":197,"column":19},"end":{"line":197,"column":40}},"100":{"start":{"line":198,"column":4},"end":{"line":198,"column":84}},"101":{"start":{"line":198,"column":20},"end":{"line":198,"column":53}},"102":{"start":{"line":201,"column":0},"end":{"line":209,"column":5}},"103":{"start":{"line":206,"column":23},"end":{"line":206,"column":55}},"104":{"start":{"line":207,"column":19},"end":{"line":207,"column":40}},"105":{"start":{"line":208,"column":4},"end":{"line":208,"column":103}},"106":{"start":{"line":208,"column":20},"end":{"line":208,"column":72}},"107":{"start":{"line":212,"column":19},"end":{"line":212,"column":97}},"108":{"start":{"line":214,"column":0},"end":{"line":221,"column":5}},"109":{"start":{"line":218,"column":23},"end":{"line":218,"column":55}},"110":{"start":{"line":219,"column":19},"end":{"line":219,"column":40}},"111":{"start":{"line":220,"column":4},"end":{"line":220,"column":79}},"112":{"start":{"line":220,"column":20},"end":{"line":220,"column":48}},"113":{"start":{"line":223,"column":0},"end":{"line":231,"column":5}},"114":{"start":{"line":228,"column":23},"end":{"line":228,"column":55}},"115":{"start":{"line":229,"column":19},"end":{"line":229,"column":40}},"116":{"start":{"line":230,"column":4},"end":{"line":230,"column":108}},"117":{"start":{"line":230,"column":20},"end":{"line":230,"column":77}},"118":{"start":{"line":233,"column":0},"end":{"line":240,"column":5}},"119":{"start":{"line":237,"column":23},"end":{"line":237,"column":55}},"120":{"start":{"line":238,"column":19},"end":{"line":238,"column":40}},"121":{"start":{"line":239,"column":4},"end":{"line":239,"column":78}},"122":{"start":{"line":239,"column":20},"end":{"line":239,"column":47}},"123":{"start":{"line":242,"column":0},"end":{"line":250,"column":5}},"124":{"start":{"line":247,"column":23},"end":{"line":247,"column":55}},"125":{"start":{"line":248,"column":19},"end":{"line":248,"column":40}},"126":{"start":{"line":249,"column":4},"end":{"line":249,"column":96}},"127":{"start":{"line":249,"column":20},"end":{"line":249,"column":65}},"128":{"start":{"line":253,"column":25},"end":{"line":253,"column":93}},"129":{"start":{"line":255,"column":0},"end":{"line":265,"column":5}},"130":{"start":{"line":261,"column":23},"end":{"line":261,"column":55}},"131":{"start":{"line":262,"column":19},"end":{"line":262,"column":40}},"132":{"start":{"line":263,"column":19},"end":{"line":263,"column":106}},"133":{"start":{"line":264,"column":4},"end":{"line":264,"column":87}},"134":{"start":{"line":264,"column":20},"end":{"line":264,"column":56}},"135":{"start":{"line":267,"column":0},"end":{"line":274,"column":5}},"136":{"start":{"line":271,"column":23},"end":{"line":271,"column":55}},"137":{"start":{"line":272,"column":19},"end":{"line":272,"column":40}},"138":{"start":{"line":273,"column":4},"end":{"line":273,"column":85}},"139":{"start":{"line":273,"column":20},"end":{"line":273,"column":54}},"140":{"start":{"line":276,"column":0},"end":{"line":284,"column":5}},"141":{"start":{"line":281,"column":23},"end":{"line":281,"column":55}},"142":{"start":{"line":282,"column":19},"end":{"line":282,"column":40}},"143":{"start":{"line":283,"column":4},"end":{"line":283,"column":105}},"144":{"start":{"line":283,"column":20},"end":{"line":283,"column":74}},"145":{"start":{"line":286,"column":0},"end":{"line":293,"column":5}},"146":{"start":{"line":290,"column":23},"end":{"line":290,"column":55}},"147":{"start":{"line":291,"column":19},"end":{"line":291,"column":40}},"148":{"start":{"line":292,"column":4},"end":{"line":292,"column":83}},"149":{"start":{"line":292,"column":20},"end":{"line":292,"column":52}},"150":{"start":{"line":295,"column":0},"end":{"line":305,"column":5}},"151":{"start":{"line":301,"column":23},"end":{"line":301,"column":55}},"152":{"start":{"line":302,"column":19},"end":{"line":302,"column":40}},"153":{"start":{"line":303,"column":50},"end":{"line":303,"column":136}},"154":{"start":{"line":304,"column":4},"end":{"line":304,"column":85}},"155":{"start":{"line":304,"column":20},"end":{"line":304,"column":54}},"156":{"start":{"line":307,"column":0},"end":{"line":315,"column":5}},"157":{"start":{"line":312,"column":23},"end":{"line":312,"column":55}},"158":{"start":{"line":313,"column":19},"end":{"line":313,"column":40}},"159":{"start":{"line":314,"column":4},"end":{"line":314,"column":157}},"160":{"start":{"line":314,"column":20},"end":{"line":314,"column":126}},"161":{"start":{"line":317,"column":0},"end":{"line":325,"column":5}},"162":{"start":{"line":322,"column":23},"end":{"line":322,"column":55}},"163":{"start":{"line":323,"column":19},"end":{"line":323,"column":40}},"164":{"start":{"line":324,"column":4},"end":{"line":324,"column":102}},"165":{"start":{"line":324,"column":20},"end":{"line":324,"column":71}},"166":{"start":{"line":328,"column":20},"end":{"line":328,"column":78}},"167":{"start":{"line":330,"column":0},"end":{"line":341,"column":5}},"168":{"start":{"line":337,"column":23},"end":{"line":337,"column":55}},"169":{"start":{"line":338,"column":19},"end":{"line":338,"column":40}},"170":{"start":{"line":339,"column":19},"end":{"line":339,"column":123}},"171":{"start":{"line":340,"column":4},"end":{"line":340,"column":82}},"172":{"start":{"line":340,"column":20},"end":{"line":340,"column":51}},"173":{"start":{"line":343,"column":0},"end":{"line":350,"column":5}},"174":{"start":{"line":347,"column":23},"end":{"line":347,"column":55}},"175":{"start":{"line":348,"column":19},"end":{"line":348,"column":40}},"176":{"start":{"line":349,"column":4},"end":{"line":349,"column":80}},"177":{"start":{"line":349,"column":20},"end":{"line":349,"column":49}},"178":{"start":{"line":352,"column":0},"end":{"line":362,"column":5}},"179":{"start":{"line":358,"column":23},"end":{"line":358,"column":55}},"180":{"start":{"line":359,"column":19},"end":{"line":359,"column":40}},"181":{"start":{"line":360,"column":19},"end":{"line":360,"column":85}},"182":{"start":{"line":361,"column":4},"end":{"line":361,"column":86}},"183":{"start":{"line":361,"column":20},"end":{"line":361,"column":55}},"184":{"start":{"line":364,"column":0},"end":{"line":371,"column":5}},"185":{"start":{"line":368,"column":23},"end":{"line":368,"column":55}},"186":{"start":{"line":369,"column":19},"end":{"line":369,"column":40}},"187":{"start":{"line":370,"column":4},"end":{"line":370,"column":75}},"188":{"start":{"line":370,"column":20},"end":{"line":370,"column":44}},"189":{"start":{"line":373,"column":0},"end":{"line":383,"column":5}},"190":{"start":{"line":379,"column":23},"end":{"line":379,"column":55}},"191":{"start":{"line":380,"column":19},"end":{"line":380,"column":40}},"192":{"start":{"line":381,"column":45},"end":{"line":381,"column":150}},"193":{"start":{"line":382,"column":4},"end":{"line":382,"column":80}},"194":{"start":{"line":382,"column":20},"end":{"line":382,"column":49}},"195":{"start":{"line":385,"column":0},"end":{"line":393,"column":5}},"196":{"start":{"line":390,"column":23},"end":{"line":390,"column":55}},"197":{"start":{"line":391,"column":19},"end":{"line":391,"column":40}},"198":{"start":{"line":392,"column":4},"end":{"line":392,"column":97}},"199":{"start":{"line":392,"column":20},"end":{"line":392,"column":66}},"200":{"start":{"line":396,"column":18},"end":{"line":396,"column":72}},"201":{"start":{"line":398,"column":0},"end":{"line":412,"column":5}},"202":{"start":{"line":407,"column":23},"end":{"line":407,"column":55}},"203":{"start":{"line":408,"column":19},"end":{"line":408,"column":40}},"204":{"start":{"line":409,"column":24},"end":{"line":409,"column":143}},"205":{"start":{"line":410,"column":4},"end":{"line":410,"column":88}},"206":{"start":{"line":410,"column":32},"end":{"line":410,"column":88}},"207":{"start":{"line":411,"column":4},"end":{"line":411,"column":80}},"208":{"start":{"line":411,"column":20},"end":{"line":411,"column":49}},"209":{"start":{"line":414,"column":0},"end":{"line":421,"column":5}},"210":{"start":{"line":418,"column":23},"end":{"line":418,"column":55}},"211":{"start":{"line":419,"column":19},"end":{"line":419,"column":40}},"212":{"start":{"line":420,"column":4},"end":{"line":420,"column":78}},"213":{"start":{"line":420,"column":20},"end":{"line":420,"column":47}},"214":{"start":{"line":423,"column":0},"end":{"line":431,"column":5}},"215":{"start":{"line":428,"column":23},"end":{"line":428,"column":55}},"216":{"start":{"line":429,"column":19},"end":{"line":429,"column":40}},"217":{"start":{"line":430,"column":4},"end":{"line":430,"column":98}},"218":{"start":{"line":430,"column":20},"end":{"line":430,"column":67}},"219":{"start":{"line":433,"column":0},"end":{"line":440,"column":5}},"220":{"start":{"line":437,"column":23},"end":{"line":437,"column":55}},"221":{"start":{"line":438,"column":19},"end":{"line":438,"column":40}},"222":{"start":{"line":439,"column":4},"end":{"line":439,"column":80}},"223":{"start":{"line":439,"column":20},"end":{"line":439,"column":49}},"224":{"start":{"line":442,"column":0},"end":{"line":453,"column":5}},"225":{"start":{"line":449,"column":23},"end":{"line":449,"column":55}},"226":{"start":{"line":450,"column":19},"end":{"line":450,"column":40}},"227":{"start":{"line":451,"column":43},"end":{"line":451,"column":196}},"228":{"start":{"line":452,"column":4},"end":{"line":452,"column":78}},"229":{"start":{"line":452,"column":20},"end":{"line":452,"column":47}},"230":{"start":{"line":455,"column":0},"end":{"line":463,"column":5}},"231":{"start":{"line":460,"column":23},"end":{"line":460,"column":55}},"232":{"start":{"line":461,"column":19},"end":{"line":461,"column":40}},"233":{"start":{"line":462,"column":4},"end":{"line":462,"column":95}},"234":{"start":{"line":462,"column":20},"end":{"line":462,"column":64}},"235":{"start":{"line":466,"column":20},"end":{"line":466,"column":78}},"236":{"start":{"line":468,"column":0},"end":{"line":478,"column":5}},"237":{"start":{"line":474,"column":23},"end":{"line":474,"column":55}},"238":{"start":{"line":475,"column":19},"end":{"line":475,"column":40}},"239":{"start":{"line":476,"column":19},"end":{"line":476,"column":71}},"240":{"start":{"line":477,"column":4},"end":{"line":477,"column":82}},"241":{"start":{"line":477,"column":20},"end":{"line":477,"column":51}},"242":{"start":{"line":480,"column":0},"end":{"line":487,"column":5}},"243":{"start":{"line":484,"column":23},"end":{"line":484,"column":55}},"244":{"start":{"line":485,"column":19},"end":{"line":485,"column":40}},"245":{"start":{"line":486,"column":4},"end":{"line":486,"column":80}},"246":{"start":{"line":486,"column":20},"end":{"line":486,"column":49}},"247":{"start":{"line":489,"column":0},"end":{"line":499,"column":5}},"248":{"start":{"line":495,"column":23},"end":{"line":495,"column":55}},"249":{"start":{"line":496,"column":19},"end":{"line":496,"column":40}},"250":{"start":{"line":497,"column":19},"end":{"line":497,"column":106}},"251":{"start":{"line":498,"column":4},"end":{"line":498,"column":86}},"252":{"start":{"line":498,"column":20},"end":{"line":498,"column":55}},"253":{"start":{"line":501,"column":0},"end":{"line":508,"column":5}},"254":{"start":{"line":505,"column":23},"end":{"line":505,"column":55}},"255":{"start":{"line":506,"column":19},"end":{"line":506,"column":40}},"256":{"start":{"line":507,"column":4},"end":{"line":507,"column":75}},"257":{"start":{"line":507,"column":20},"end":{"line":507,"column":44}},"258":{"start":{"line":510,"column":0},"end":{"line":521,"column":5}},"259":{"start":{"line":517,"column":23},"end":{"line":517,"column":55}},"260":{"start":{"line":518,"column":19},"end":{"line":518,"column":40}},"261":{"start":{"line":519,"column":24},"end":{"line":519,"column":155}},"262":{"start":{"line":520,"column":4},"end":{"line":520,"column":80}},"263":{"start":{"line":520,"column":20},"end":{"line":520,"column":49}},"264":{"start":{"line":523,"column":0},"end":{"line":527,"column":3}},"265":{"start":{"line":524,"column":21},"end":{"line":524,"column":53}},"266":{"start":{"line":525,"column":17},"end":{"line":525,"column":38}},"267":{"start":{"line":526,"column":2},"end":{"line":526,"column":78}},"268":{"start":{"line":526,"column":18},"end":{"line":526,"column":47}},"269":{"start":{"line":529,"column":0},"end":{"line":533,"column":3}},"270":{"start":{"line":530,"column":21},"end":{"line":530,"column":53}},"271":{"start":{"line":531,"column":17},"end":{"line":531,"column":38}},"272":{"start":{"line":532,"column":2},"end":{"line":532,"column":73}},"273":{"start":{"line":532,"column":18},"end":{"line":532,"column":42}},"274":{"start":{"line":535,"column":0},"end":{"line":539,"column":3}},"275":{"start":{"line":536,"column":21},"end":{"line":536,"column":53}},"276":{"start":{"line":537,"column":17},"end":{"line":537,"column":38}},"277":{"start":{"line":538,"column":2},"end":{"line":538,"column":81}},"278":{"start":{"line":538,"column":18},"end":{"line":538,"column":50}},"279":{"start":{"line":541,"column":0},"end":{"line":545,"column":3}},"280":{"start":{"line":542,"column":21},"end":{"line":542,"column":53}},"281":{"start":{"line":543,"column":17},"end":{"line":543,"column":38}},"282":{"start":{"line":544,"column":2},"end":{"line":544,"column":81}},"283":{"start":{"line":544,"column":18},"end":{"line":544,"column":50}},"284":{"start":{"line":547,"column":0},"end":{"line":555,"column":5}},"285":{"start":{"line":552,"column":23},"end":{"line":552,"column":55}},"286":{"start":{"line":553,"column":19},"end":{"line":553,"column":40}},"287":{"start":{"line":554,"column":4},"end":{"line":554,"column":97}},"288":{"start":{"line":554,"column":20},"end":{"line":554,"column":66}},"289":{"start":{"line":558,"column":19},"end":{"line":558,"column":75}},"290":{"start":{"line":560,"column":0},"end":{"line":572,"column":5}},"291":{"start":{"line":568,"column":23},"end":{"line":568,"column":55}},"292":{"start":{"line":569,"column":19},"end":{"line":569,"column":40}},"293":{"start":{"line":570,"column":24},"end":{"line":570,"column":222}},"294":{"start":{"line":571,"column":4},"end":{"line":571,"column":81}},"295":{"start":{"line":571,"column":20},"end":{"line":571,"column":50}},"296":{"start":{"line":574,"column":0},"end":{"line":581,"column":5}},"297":{"start":{"line":578,"column":23},"end":{"line":578,"column":55}},"298":{"start":{"line":579,"column":19},"end":{"line":579,"column":40}},"299":{"start":{"line":580,"column":4},"end":{"line":580,"column":79}},"300":{"start":{"line":580,"column":20},"end":{"line":580,"column":48}},"301":{"start":{"line":583,"column":0},"end":{"line":591,"column":5}},"302":{"start":{"line":588,"column":23},"end":{"line":588,"column":55}},"303":{"start":{"line":589,"column":19},"end":{"line":589,"column":40}},"304":{"start":{"line":590,"column":4},"end":{"line":590,"column":99}},"305":{"start":{"line":590,"column":20},"end":{"line":590,"column":68}},"306":{"start":{"line":593,"column":0},"end":{"line":603,"column":5}},"307":{"start":{"line":599,"column":23},"end":{"line":599,"column":55}},"308":{"start":{"line":600,"column":19},"end":{"line":600,"column":40}},"309":{"start":{"line":601,"column":24},"end":{"line":601,"column":104}},"310":{"start":{"line":602,"column":4},"end":{"line":602,"column":79}},"311":{"start":{"line":602,"column":20},"end":{"line":602,"column":48}},"312":{"start":{"line":605,"column":0},"end":{"line":612,"column":5}},"313":{"start":{"line":609,"column":23},"end":{"line":609,"column":55}},"314":{"start":{"line":610,"column":19},"end":{"line":610,"column":40}},"315":{"start":{"line":611,"column":4},"end":{"line":611,"column":77}},"316":{"start":{"line":611,"column":20},"end":{"line":611,"column":46}},"317":{"start":{"line":615,"column":18},"end":{"line":615,"column":95}},"318":{"start":{"line":617,"column":0},"end":{"line":624,"column":5}},"319":{"start":{"line":621,"column":23},"end":{"line":621,"column":55}},"320":{"start":{"line":622,"column":19},"end":{"line":622,"column":40}},"321":{"start":{"line":623,"column":4},"end":{"line":623,"column":78}},"322":{"start":{"line":623,"column":20},"end":{"line":623,"column":47}},"323":{"start":{"line":626,"column":0},"end":{"line":637,"column":5}},"324":{"start":{"line":633,"column":23},"end":{"line":633,"column":55}},"325":{"start":{"line":634,"column":19},"end":{"line":634,"column":40}},"326":{"start":{"line":635,"column":24},"end":{"line":635,"column":123}},"327":{"start":{"line":636,"column":4},"end":{"line":636,"column":78}},"328":{"start":{"line":636,"column":20},"end":{"line":636,"column":47}},"329":{"start":{"line":640,"column":28},"end":{"line":640,"column":104}},"330":{"start":{"line":642,"column":0},"end":{"line":654,"column":5}},"331":{"start":{"line":649,"column":23},"end":{"line":649,"column":55}},"332":{"start":{"line":650,"column":19},"end":{"line":650,"column":40}},"333":{"start":{"line":651,"column":26},"end":{"line":651,"column":84}},"334":{"start":{"line":651,"column":68},"end":{"line":651,"column":76}},"335":{"start":{"line":652,"column":19},"end":{"line":652,"column":92}},"336":{"start":{"line":653,"column":4},"end":{"line":653,"column":90}},"337":{"start":{"line":653,"column":20},"end":{"line":653,"column":59}},"338":{"start":{"line":656,"column":0},"end":{"line":663,"column":5}},"339":{"start":{"line":660,"column":23},"end":{"line":660,"column":55}},"340":{"start":{"line":661,"column":19},"end":{"line":661,"column":40}},"341":{"start":{"line":662,"column":4},"end":{"line":662,"column":88}},"342":{"start":{"line":662,"column":20},"end":{"line":662,"column":57}},"343":{"start":{"line":665,"column":0},"end":{"line":676,"column":5}},"344":{"start":{"line":672,"column":23},"end":{"line":672,"column":55}},"345":{"start":{"line":673,"column":19},"end":{"line":673,"column":40}},"346":{"start":{"line":674,"column":24},"end":{"line":674,"column":180}},"347":{"start":{"line":674,"column":166},"end":{"line":674,"column":174}},"348":{"start":{"line":675,"column":4},"end":{"line":675,"column":94}},"349":{"start":{"line":675,"column":20},"end":{"line":675,"column":63}},"350":{"start":{"line":678,"column":0},"end":{"line":685,"column":5}},"351":{"start":{"line":682,"column":23},"end":{"line":682,"column":55}},"352":{"start":{"line":683,"column":19},"end":{"line":683,"column":40}},"353":{"start":{"line":684,"column":4},"end":{"line":684,"column":83}},"354":{"start":{"line":684,"column":20},"end":{"line":684,"column":52}},"355":{"start":{"line":687,"column":0},"end":{"line":695,"column":5}},"356":{"start":{"line":692,"column":23},"end":{"line":692,"column":55}},"357":{"start":{"line":693,"column":19},"end":{"line":693,"column":40}},"358":{"start":{"line":694,"column":4},"end":{"line":694,"column":117}},"359":{"start":{"line":694,"column":20},"end":{"line":694,"column":86}},"360":{"start":{"line":699,"column":0},"end":{"line":704,"column":1}},"361":{"start":{"line":700,"column":2},"end":{"line":703,"column":5}},"362":{"start":{"line":701,"column":4},"end":{"line":701,"column":36}},"363":{"start":{"line":702,"column":4},"end":{"line":702,"column":20}}},"fnMap":{"0":{"name":"getClient","decl":{"start":{"line":28,"column":9},"end":{"line":28,"column":18}},"loc":{"start":{"line":28,"column":60},"end":{"line":31,"column":1}}},"1":{"name":"run","decl":{"start":{"line":33,"column":15},"end":{"line":33,"column":18}},"loc":{"start":{"line":35,"column":16},"end":{"line":44,"column":1}}},"2":{"name":"parseData","decl":{"start":{"line":46,"column":9},"end":{"line":46,"column":18}},"loc":{"start":{"line":46,"column":35},"end":{"line":54,"column":1}}},"3":{"name":"(anonymous_4)","decl":{"start":{"line":66,"column":10},"end":{"line":66,"column":15}},"loc":{"start":{"line":66,"column":30},"end":{"line":71,"column":3}}},"4":{"name":"(anonymous_5)","decl":{"start":{"line":70,"column":14},"end":{"line":70,"column":17}},"loc":{"start":{"line":70,"column":20},"end":{"line":70,"column":52}}},"5":{"name":"(anonymous_6)","decl":{"start":{"line":76,"column":10},"end":{"line":76,"column":15}},"loc":{"start":{"line":76,"column":34},"end":{"line":80,"column":3}}},"6":{"name":"(anonymous_7)","decl":{"start":{"line":79,"column":14},"end":{"line":79,"column":17}},"loc":{"start":{"line":79,"column":20},"end":{"line":79,"column":50}}},"7":{"name":"(anonymous_8)","decl":{"start":{"line":88,"column":10},"end":{"line":88,"column":15}},"loc":{"start":{"line":88,"column":34},"end":{"line":93,"column":3}}},"8":{"name":"(anonymous_9)","decl":{"start":{"line":92,"column":14},"end":{"line":92,"column":17}},"loc":{"start":{"line":92,"column":20},"end":{"line":92,"column":56}}},"9":{"name":"(anonymous_10)","decl":{"start":{"line":98,"column":10},"end":{"line":98,"column":15}},"loc":{"start":{"line":98,"column":34},"end":{"line":102,"column":3}}},"10":{"name":"(anonymous_11)","decl":{"start":{"line":101,"column":14},"end":{"line":101,"column":17}},"loc":{"start":{"line":101,"column":20},"end":{"line":101,"column":45}}},"11":{"name":"(anonymous_12)","decl":{"start":{"line":110,"column":10},"end":{"line":110,"column":15}},"loc":{"start":{"line":110,"column":30},"end":{"line":115,"column":3}}},"12":{"name":"(anonymous_13)","decl":{"start":{"line":114,"column":14},"end":{"line":114,"column":17}},"loc":{"start":{"line":114,"column":20},"end":{"line":114,"column":50}}},"13":{"name":"(anonymous_14)","decl":{"start":{"line":121,"column":10},"end":{"line":121,"column":15}},"loc":{"start":{"line":121,"column":30},"end":{"line":125,"column":3}}},"14":{"name":"(anonymous_15)","decl":{"start":{"line":124,"column":14},"end":{"line":124,"column":17}},"loc":{"start":{"line":124,"column":20},"end":{"line":124,"column":67}}},"15":{"name":"(anonymous_16)","decl":{"start":{"line":137,"column":10},"end":{"line":137,"column":15}},"loc":{"start":{"line":137,"column":30},"end":{"line":142,"column":3}}},"16":{"name":"(anonymous_17)","decl":{"start":{"line":141,"column":14},"end":{"line":141,"column":17}},"loc":{"start":{"line":141,"column":20},"end":{"line":141,"column":57}}},"17":{"name":"(anonymous_18)","decl":{"start":{"line":147,"column":10},"end":{"line":147,"column":15}},"loc":{"start":{"line":147,"column":34},"end":{"line":151,"column":3}}},"18":{"name":"(anonymous_19)","decl":{"start":{"line":150,"column":14},"end":{"line":150,"column":17}},"loc":{"start":{"line":150,"column":20},"end":{"line":150,"column":55}}},"19":{"name":"(anonymous_20)","decl":{"start":{"line":157,"column":10},"end":{"line":157,"column":15}},"loc":{"start":{"line":157,"column":34},"end":{"line":161,"column":3}}},"20":{"name":"(anonymous_21)","decl":{"start":{"line":160,"column":14},"end":{"line":160,"column":17}},"loc":{"start":{"line":160,"column":20},"end":{"line":160,"column":75}}},"21":{"name":"(anonymous_22)","decl":{"start":{"line":167,"column":10},"end":{"line":167,"column":15}},"loc":{"start":{"line":167,"column":30},"end":{"line":171,"column":3}}},"22":{"name":"(anonymous_23)","decl":{"start":{"line":170,"column":14},"end":{"line":170,"column":17}},"loc":{"start":{"line":170,"column":20},"end":{"line":170,"column":84}}},"23":{"name":"(anonymous_24)","decl":{"start":{"line":177,"column":10},"end":{"line":177,"column":15}},"loc":{"start":{"line":177,"column":34},"end":{"line":181,"column":3}}},"24":{"name":"(anonymous_25)","decl":{"start":{"line":180,"column":14},"end":{"line":180,"column":17}},"loc":{"start":{"line":180,"column":20},"end":{"line":180,"column":113}}},"25":{"name":"(anonymous_26)","decl":{"start":{"line":186,"column":10},"end":{"line":186,"column":15}},"loc":{"start":{"line":186,"column":34},"end":{"line":190,"column":3}}},"26":{"name":"(anonymous_27)","decl":{"start":{"line":189,"column":14},"end":{"line":189,"column":17}},"loc":{"start":{"line":189,"column":20},"end":{"line":189,"column":54}}},"27":{"name":"(anonymous_28)","decl":{"start":{"line":195,"column":10},"end":{"line":195,"column":15}},"loc":{"start":{"line":195,"column":34},"end":{"line":199,"column":3}}},"28":{"name":"(anonymous_29)","decl":{"start":{"line":198,"column":14},"end":{"line":198,"column":17}},"loc":{"start":{"line":198,"column":20},"end":{"line":198,"column":53}}},"29":{"name":"(anonymous_30)","decl":{"start":{"line":205,"column":10},"end":{"line":205,"column":15}},"loc":{"start":{"line":205,"column":30},"end":{"line":209,"column":3}}},"30":{"name":"(anonymous_31)","decl":{"start":{"line":208,"column":14},"end":{"line":208,"column":17}},"loc":{"start":{"line":208,"column":20},"end":{"line":208,"column":72}}},"31":{"name":"(anonymous_32)","decl":{"start":{"line":217,"column":10},"end":{"line":217,"column":15}},"loc":{"start":{"line":217,"column":34},"end":{"line":221,"column":3}}},"32":{"name":"(anonymous_33)","decl":{"start":{"line":220,"column":14},"end":{"line":220,"column":17}},"loc":{"start":{"line":220,"column":20},"end":{"line":220,"column":48}}},"33":{"name":"(anonymous_34)","decl":{"start":{"line":227,"column":10},"end":{"line":227,"column":15}},"loc":{"start":{"line":227,"column":30},"end":{"line":231,"column":3}}},"34":{"name":"(anonymous_35)","decl":{"start":{"line":230,"column":14},"end":{"line":230,"column":17}},"loc":{"start":{"line":230,"column":20},"end":{"line":230,"column":77}}},"35":{"name":"(anonymous_36)","decl":{"start":{"line":236,"column":10},"end":{"line":236,"column":15}},"loc":{"start":{"line":236,"column":34},"end":{"line":240,"column":3}}},"36":{"name":"(anonymous_37)","decl":{"start":{"line":239,"column":14},"end":{"line":239,"column":17}},"loc":{"start":{"line":239,"column":20},"end":{"line":239,"column":47}}},"37":{"name":"(anonymous_38)","decl":{"start":{"line":246,"column":10},"end":{"line":246,"column":15}},"loc":{"start":{"line":246,"column":30},"end":{"line":250,"column":3}}},"38":{"name":"(anonymous_39)","decl":{"start":{"line":249,"column":14},"end":{"line":249,"column":17}},"loc":{"start":{"line":249,"column":20},"end":{"line":249,"column":65}}},"39":{"name":"(anonymous_40)","decl":{"start":{"line":260,"column":10},"end":{"line":260,"column":15}},"loc":{"start":{"line":260,"column":30},"end":{"line":265,"column":3}}},"40":{"name":"(anonymous_41)","decl":{"start":{"line":264,"column":14},"end":{"line":264,"column":17}},"loc":{"start":{"line":264,"column":20},"end":{"line":264,"column":56}}},"41":{"name":"(anonymous_42)","decl":{"start":{"line":270,"column":10},"end":{"line":270,"column":15}},"loc":{"start":{"line":270,"column":34},"end":{"line":274,"column":3}}},"42":{"name":"(anonymous_43)","decl":{"start":{"line":273,"column":14},"end":{"line":273,"column":17}},"loc":{"start":{"line":273,"column":20},"end":{"line":273,"column":54}}},"43":{"name":"(anonymous_44)","decl":{"start":{"line":280,"column":10},"end":{"line":280,"column":15}},"loc":{"start":{"line":280,"column":34},"end":{"line":284,"column":3}}},"44":{"name":"(anonymous_45)","decl":{"start":{"line":283,"column":14},"end":{"line":283,"column":17}},"loc":{"start":{"line":283,"column":20},"end":{"line":283,"column":74}}},"45":{"name":"(anonymous_46)","decl":{"start":{"line":289,"column":10},"end":{"line":289,"column":15}},"loc":{"start":{"line":289,"column":34},"end":{"line":293,"column":3}}},"46":{"name":"(anonymous_47)","decl":{"start":{"line":292,"column":14},"end":{"line":292,"column":17}},"loc":{"start":{"line":292,"column":20},"end":{"line":292,"column":52}}},"47":{"name":"(anonymous_48)","decl":{"start":{"line":300,"column":10},"end":{"line":300,"column":15}},"loc":{"start":{"line":300,"column":30},"end":{"line":305,"column":3}}},"48":{"name":"(anonymous_49)","decl":{"start":{"line":304,"column":14},"end":{"line":304,"column":17}},"loc":{"start":{"line":304,"column":20},"end":{"line":304,"column":54}}},"49":{"name":"(anonymous_50)","decl":{"start":{"line":311,"column":10},"end":{"line":311,"column":15}},"loc":{"start":{"line":311,"column":34},"end":{"line":315,"column":3}}},"50":{"name":"(anonymous_51)","decl":{"start":{"line":314,"column":14},"end":{"line":314,"column":17}},"loc":{"start":{"line":314,"column":20},"end":{"line":314,"column":126}}},"51":{"name":"(anonymous_52)","decl":{"start":{"line":321,"column":10},"end":{"line":321,"column":15}},"loc":{"start":{"line":321,"column":30},"end":{"line":325,"column":3}}},"52":{"name":"(anonymous_53)","decl":{"start":{"line":324,"column":14},"end":{"line":324,"column":17}},"loc":{"start":{"line":324,"column":20},"end":{"line":324,"column":71}}},"53":{"name":"(anonymous_54)","decl":{"start":{"line":336,"column":10},"end":{"line":336,"column":15}},"loc":{"start":{"line":336,"column":30},"end":{"line":341,"column":3}}},"54":{"name":"(anonymous_55)","decl":{"start":{"line":340,"column":14},"end":{"line":340,"column":17}},"loc":{"start":{"line":340,"column":20},"end":{"line":340,"column":51}}},"55":{"name":"(anonymous_56)","decl":{"start":{"line":346,"column":10},"end":{"line":346,"column":15}},"loc":{"start":{"line":346,"column":34},"end":{"line":350,"column":3}}},"56":{"name":"(anonymous_57)","decl":{"start":{"line":349,"column":14},"end":{"line":349,"column":17}},"loc":{"start":{"line":349,"column":20},"end":{"line":349,"column":49}}},"57":{"name":"(anonymous_58)","decl":{"start":{"line":357,"column":10},"end":{"line":357,"column":15}},"loc":{"start":{"line":357,"column":34},"end":{"line":362,"column":3}}},"58":{"name":"(anonymous_59)","decl":{"start":{"line":361,"column":14},"end":{"line":361,"column":17}},"loc":{"start":{"line":361,"column":20},"end":{"line":361,"column":55}}},"59":{"name":"(anonymous_60)","decl":{"start":{"line":367,"column":10},"end":{"line":367,"column":15}},"loc":{"start":{"line":367,"column":34},"end":{"line":371,"column":3}}},"60":{"name":"(anonymous_61)","decl":{"start":{"line":370,"column":14},"end":{"line":370,"column":17}},"loc":{"start":{"line":370,"column":20},"end":{"line":370,"column":44}}},"61":{"name":"(anonymous_62)","decl":{"start":{"line":378,"column":10},"end":{"line":378,"column":15}},"loc":{"start":{"line":378,"column":30},"end":{"line":383,"column":3}}},"62":{"name":"(anonymous_63)","decl":{"start":{"line":382,"column":14},"end":{"line":382,"column":17}},"loc":{"start":{"line":382,"column":20},"end":{"line":382,"column":49}}},"63":{"name":"(anonymous_64)","decl":{"start":{"line":389,"column":10},"end":{"line":389,"column":15}},"loc":{"start":{"line":389,"column":30},"end":{"line":393,"column":3}}},"64":{"name":"(anonymous_65)","decl":{"start":{"line":392,"column":14},"end":{"line":392,"column":17}},"loc":{"start":{"line":392,"column":20},"end":{"line":392,"column":66}}},"65":{"name":"(anonymous_66)","decl":{"start":{"line":406,"column":10},"end":{"line":406,"column":15}},"loc":{"start":{"line":406,"column":30},"end":{"line":412,"column":3}}},"66":{"name":"(anonymous_67)","decl":{"start":{"line":411,"column":14},"end":{"line":411,"column":17}},"loc":{"start":{"line":411,"column":20},"end":{"line":411,"column":49}}},"67":{"name":"(anonymous_68)","decl":{"start":{"line":417,"column":10},"end":{"line":417,"column":15}},"loc":{"start":{"line":417,"column":34},"end":{"line":421,"column":3}}},"68":{"name":"(anonymous_69)","decl":{"start":{"line":420,"column":14},"end":{"line":420,"column":17}},"loc":{"start":{"line":420,"column":20},"end":{"line":420,"column":47}}},"69":{"name":"(anonymous_70)","decl":{"start":{"line":427,"column":10},"end":{"line":427,"column":15}},"loc":{"start":{"line":427,"column":34},"end":{"line":431,"column":3}}},"70":{"name":"(anonymous_71)","decl":{"start":{"line":430,"column":14},"end":{"line":430,"column":17}},"loc":{"start":{"line":430,"column":20},"end":{"line":430,"column":67}}},"71":{"name":"(anonymous_72)","decl":{"start":{"line":436,"column":10},"end":{"line":436,"column":15}},"loc":{"start":{"line":436,"column":34},"end":{"line":440,"column":3}}},"72":{"name":"(anonymous_73)","decl":{"start":{"line":439,"column":14},"end":{"line":439,"column":17}},"loc":{"start":{"line":439,"column":20},"end":{"line":439,"column":49}}},"73":{"name":"(anonymous_74)","decl":{"start":{"line":448,"column":10},"end":{"line":448,"column":15}},"loc":{"start":{"line":448,"column":30},"end":{"line":453,"column":3}}},"74":{"name":"(anonymous_75)","decl":{"start":{"line":452,"column":14},"end":{"line":452,"column":17}},"loc":{"start":{"line":452,"column":20},"end":{"line":452,"column":47}}},"75":{"name":"(anonymous_76)","decl":{"start":{"line":459,"column":10},"end":{"line":459,"column":15}},"loc":{"start":{"line":459,"column":30},"end":{"line":463,"column":3}}},"76":{"name":"(anonymous_77)","decl":{"start":{"line":462,"column":14},"end":{"line":462,"column":17}},"loc":{"start":{"line":462,"column":20},"end":{"line":462,"column":64}}},"77":{"name":"(anonymous_78)","decl":{"start":{"line":473,"column":10},"end":{"line":473,"column":15}},"loc":{"start":{"line":473,"column":30},"end":{"line":478,"column":3}}},"78":{"name":"(anonymous_79)","decl":{"start":{"line":477,"column":14},"end":{"line":477,"column":17}},"loc":{"start":{"line":477,"column":20},"end":{"line":477,"column":51}}},"79":{"name":"(anonymous_80)","decl":{"start":{"line":483,"column":10},"end":{"line":483,"column":15}},"loc":{"start":{"line":483,"column":34},"end":{"line":487,"column":3}}},"80":{"name":"(anonymous_81)","decl":{"start":{"line":486,"column":14},"end":{"line":486,"column":17}},"loc":{"start":{"line":486,"column":20},"end":{"line":486,"column":49}}},"81":{"name":"(anonymous_82)","decl":{"start":{"line":494,"column":10},"end":{"line":494,"column":15}},"loc":{"start":{"line":494,"column":34},"end":{"line":499,"column":3}}},"82":{"name":"(anonymous_83)","decl":{"start":{"line":498,"column":14},"end":{"line":498,"column":17}},"loc":{"start":{"line":498,"column":20},"end":{"line":498,"column":55}}},"83":{"name":"(anonymous_84)","decl":{"start":{"line":504,"column":10},"end":{"line":504,"column":15}},"loc":{"start":{"line":504,"column":34},"end":{"line":508,"column":3}}},"84":{"name":"(anonymous_85)","decl":{"start":{"line":507,"column":14},"end":{"line":507,"column":17}},"loc":{"start":{"line":507,"column":20},"end":{"line":507,"column":44}}},"85":{"name":"(anonymous_86)","decl":{"start":{"line":516,"column":10},"end":{"line":516,"column":15}},"loc":{"start":{"line":516,"column":30},"end":{"line":521,"column":3}}},"86":{"name":"(anonymous_87)","decl":{"start":{"line":520,"column":14},"end":{"line":520,"column":17}},"loc":{"start":{"line":520,"column":20},"end":{"line":520,"column":49}}},"87":{"name":"(anonymous_88)","decl":{"start":{"line":523,"column":79},"end":{"line":523,"column":84}},"loc":{"start":{"line":523,"column":103},"end":{"line":527,"column":1}}},"88":{"name":"(anonymous_89)","decl":{"start":{"line":526,"column":12},"end":{"line":526,"column":15}},"loc":{"start":{"line":526,"column":18},"end":{"line":526,"column":47}}},"89":{"name":"(anonymous_90)","decl":{"start":{"line":529,"column":69},"end":{"line":529,"column":74}},"loc":{"start":{"line":529,"column":93},"end":{"line":533,"column":1}}},"90":{"name":"(anonymous_91)","decl":{"start":{"line":532,"column":12},"end":{"line":532,"column":15}},"loc":{"start":{"line":532,"column":18},"end":{"line":532,"column":42}}},"91":{"name":"(anonymous_92)","decl":{"start":{"line":535,"column":71},"end":{"line":535,"column":76}},"loc":{"start":{"line":535,"column":95},"end":{"line":539,"column":1}}},"92":{"name":"(anonymous_93)","decl":{"start":{"line":538,"column":12},"end":{"line":538,"column":15}},"loc":{"start":{"line":538,"column":18},"end":{"line":538,"column":50}}},"93":{"name":"(anonymous_94)","decl":{"start":{"line":541,"column":71},"end":{"line":541,"column":76}},"loc":{"start":{"line":541,"column":95},"end":{"line":545,"column":1}}},"94":{"name":"(anonymous_95)","decl":{"start":{"line":544,"column":12},"end":{"line":544,"column":15}},"loc":{"start":{"line":544,"column":18},"end":{"line":544,"column":50}}},"95":{"name":"(anonymous_96)","decl":{"start":{"line":551,"column":10},"end":{"line":551,"column":15}},"loc":{"start":{"line":551,"column":30},"end":{"line":555,"column":3}}},"96":{"name":"(anonymous_97)","decl":{"start":{"line":554,"column":14},"end":{"line":554,"column":17}},"loc":{"start":{"line":554,"column":20},"end":{"line":554,"column":66}}},"97":{"name":"(anonymous_98)","decl":{"start":{"line":567,"column":10},"end":{"line":567,"column":15}},"loc":{"start":{"line":567,"column":30},"end":{"line":572,"column":3}}},"98":{"name":"(anonymous_99)","decl":{"start":{"line":571,"column":14},"end":{"line":571,"column":17}},"loc":{"start":{"line":571,"column":20},"end":{"line":571,"column":50}}},"99":{"name":"(anonymous_100)","decl":{"start":{"line":577,"column":10},"end":{"line":577,"column":15}},"loc":{"start":{"line":577,"column":34},"end":{"line":581,"column":3}}},"100":{"name":"(anonymous_101)","decl":{"start":{"line":580,"column":14},"end":{"line":580,"column":17}},"loc":{"start":{"line":580,"column":20},"end":{"line":580,"column":48}}},"101":{"name":"(anonymous_102)","decl":{"start":{"line":587,"column":10},"end":{"line":587,"column":15}},"loc":{"start":{"line":587,"column":34},"end":{"line":591,"column":3}}},"102":{"name":"(anonymous_103)","decl":{"start":{"line":590,"column":14},"end":{"line":590,"column":17}},"loc":{"start":{"line":590,"column":20},"end":{"line":590,"column":68}}},"103":{"name":"(anonymous_104)","decl":{"start":{"line":598,"column":10},"end":{"line":598,"column":15}},"loc":{"start":{"line":598,"column":30},"end":{"line":603,"column":3}}},"104":{"name":"(anonymous_105)","decl":{"start":{"line":602,"column":14},"end":{"line":602,"column":17}},"loc":{"start":{"line":602,"column":20},"end":{"line":602,"column":48}}},"105":{"name":"(anonymous_106)","decl":{"start":{"line":608,"column":10},"end":{"line":608,"column":15}},"loc":{"start":{"line":608,"column":34},"end":{"line":612,"column":3}}},"106":{"name":"(anonymous_107)","decl":{"start":{"line":611,"column":14},"end":{"line":611,"column":17}},"loc":{"start":{"line":611,"column":20},"end":{"line":611,"column":46}}},"107":{"name":"(anonymous_108)","decl":{"start":{"line":620,"column":10},"end":{"line":620,"column":15}},"loc":{"start":{"line":620,"column":34},"end":{"line":624,"column":3}}},"108":{"name":"(anonymous_109)","decl":{"start":{"line":623,"column":14},"end":{"line":623,"column":17}},"loc":{"start":{"line":623,"column":20},"end":{"line":623,"column":47}}},"109":{"name":"(anonymous_110)","decl":{"start":{"line":632,"column":10},"end":{"line":632,"column":15}},"loc":{"start":{"line":632,"column":30},"end":{"line":637,"column":3}}},"110":{"name":"(anonymous_111)","decl":{"start":{"line":636,"column":14},"end":{"line":636,"column":17}},"loc":{"start":{"line":636,"column":20},"end":{"line":636,"column":47}}},"111":{"name":"(anonymous_112)","decl":{"start":{"line":648,"column":10},"end":{"line":648,"column":15}},"loc":{"start":{"line":648,"column":30},"end":{"line":654,"column":3}}},"112":{"name":"(anonymous_113)","decl":{"start":{"line":651,"column":53},"end":{"line":651,"column":54}},"loc":{"start":{"line":651,"column":68},"end":{"line":651,"column":76}}},"113":{"name":"(anonymous_114)","decl":{"start":{"line":653,"column":14},"end":{"line":653,"column":17}},"loc":{"start":{"line":653,"column":20},"end":{"line":653,"column":59}}},"114":{"name":"(anonymous_115)","decl":{"start":{"line":659,"column":10},"end":{"line":659,"column":15}},"loc":{"start":{"line":659,"column":34},"end":{"line":663,"column":3}}},"115":{"name":"(anonymous_116)","decl":{"start":{"line":662,"column":14},"end":{"line":662,"column":17}},"loc":{"start":{"line":662,"column":20},"end":{"line":662,"column":57}}},"116":{"name":"(anonymous_117)","decl":{"start":{"line":671,"column":10},"end":{"line":671,"column":15}},"loc":{"start":{"line":671,"column":34},"end":{"line":676,"column":3}}},"117":{"name":"(anonymous_118)","decl":{"start":{"line":674,"column":151},"end":{"line":674,"column":152}},"loc":{"start":{"line":674,"column":166},"end":{"line":674,"column":174}}},"118":{"name":"(anonymous_119)","decl":{"start":{"line":675,"column":14},"end":{"line":675,"column":17}},"loc":{"start":{"line":675,"column":20},"end":{"line":675,"column":63}}},"119":{"name":"(anonymous_120)","decl":{"start":{"line":681,"column":10},"end":{"line":681,"column":15}},"loc":{"start":{"line":681,"column":34},"end":{"line":685,"column":3}}},"120":{"name":"(anonymous_121)","decl":{"start":{"line":684,"column":14},"end":{"line":684,"column":17}},"loc":{"start":{"line":684,"column":20},"end":{"line":684,"column":52}}},"121":{"name":"(anonymous_122)","decl":{"start":{"line":691,"column":10},"end":{"line":691,"column":15}},"loc":{"start":{"line":691,"column":30},"end":{"line":695,"column":3}}},"122":{"name":"(anonymous_123)","decl":{"start":{"line":694,"column":14},"end":{"line":694,"column":17}},"loc":{"start":{"line":694,"column":20},"end":{"line":694,"column":86}}},"123":{"name":"(anonymous_124)","decl":{"start":{"line":700,"column":41},"end":{"line":700,"column":42}},"loc":{"start":{"line":700,"column":49},"end":{"line":703,"column":3}}}},"branchMap":{"0":{"loc":{"start":{"line":29,"column":14},"end":{"line":29,"column":40}},"type":"binary-expr","locations":[{"start":{"line":29,"column":14},"end":{"line":29,"column":25}},{"start":{"line":29,"column":29},"end":{"line":29,"column":40}}]},"1":{"loc":{"start":{"line":30,"column":35},"end":{"line":30,"column":53}},"type":"binary-expr","locations":[{"start":{"line":30,"column":35},"end":{"line":30,"column":44}},{"start":{"line":30,"column":48},"end":{"line":30,"column":53}}]},"2":{"loc":{"start":{"line":47,"column":2},"end":{"line":47,"column":26}},"type":"if","locations":[{"start":{"line":47,"column":2},"end":{"line":47,"column":26}}]},"3":{"loc":{"start":{"line":67,"column":23},"end":{"line":67,"column":55}},"type":"binary-expr","locations":[{"start":{"line":67,"column":23},"end":{"line":67,"column":49}},{"start":{"line":67,"column":53},"end":{"line":67,"column":55}}]},"4":{"loc":{"start":{"line":69,"column":50},"end":{"line":69,"column":85}},"type":"binary-expr","locations":[{"start":{"line":69,"column":50},"end":{"line":69,"column":60}},{"start":{"line":69,"column":64},"end":{"line":69,"column":85}}]},"5":{"loc":{"start":{"line":69,"column":92},"end":{"line":69,"column":124}},"type":"binary-expr","locations":[{"start":{"line":69,"column":92},"end":{"line":69,"column":101}},{"start":{"line":69,"column":105},"end":{"line":69,"column":124}}]},"6":{"loc":{"start":{"line":69,"column":131},"end":{"line":69,"column":166}},"type":"binary-expr","locations":[{"start":{"line":69,"column":131},"end":{"line":69,"column":141}},{"start":{"line":69,"column":145},"end":{"line":69,"column":166}}]},"7":{"loc":{"start":{"line":70,"column":54},"end":{"line":70,"column":81}},"type":"binary-expr","locations":[{"start":{"line":70,"column":54},"end":{"line":70,"column":71}},{"start":{"line":70,"column":75},"end":{"line":70,"column":81}}]},"8":{"loc":{"start":{"line":77,"column":23},"end":{"line":77,"column":55}},"type":"binary-expr","locations":[{"start":{"line":77,"column":23},"end":{"line":77,"column":49}},{"start":{"line":77,"column":53},"end":{"line":77,"column":55}}]},"9":{"loc":{"start":{"line":79,"column":52},"end":{"line":79,"column":79}},"type":"binary-expr","locations":[{"start":{"line":79,"column":52},"end":{"line":79,"column":69}},{"start":{"line":79,"column":73},"end":{"line":79,"column":79}}]},"10":{"loc":{"start":{"line":89,"column":23},"end":{"line":89,"column":55}},"type":"binary-expr","locations":[{"start":{"line":89,"column":23},"end":{"line":89,"column":49}},{"start":{"line":89,"column":53},"end":{"line":89,"column":55}}]},"11":{"loc":{"start":{"line":91,"column":50},"end":{"line":91,"column":82}},"type":"binary-expr","locations":[{"start":{"line":91,"column":50},"end":{"line":91,"column":59}},{"start":{"line":91,"column":63},"end":{"line":91,"column":82}}]},"12":{"loc":{"start":{"line":91,"column":89},"end":{"line":91,"column":124}},"type":"binary-expr","locations":[{"start":{"line":91,"column":89},"end":{"line":91,"column":99}},{"start":{"line":91,"column":103},"end":{"line":91,"column":124}}]},"13":{"loc":{"start":{"line":92,"column":58},"end":{"line":92,"column":85}},"type":"binary-expr","locations":[{"start":{"line":92,"column":58},"end":{"line":92,"column":75}},{"start":{"line":92,"column":79},"end":{"line":92,"column":85}}]},"14":{"loc":{"start":{"line":99,"column":23},"end":{"line":99,"column":55}},"type":"binary-expr","locations":[{"start":{"line":99,"column":23},"end":{"line":99,"column":49}},{"start":{"line":99,"column":53},"end":{"line":99,"column":55}}]},"15":{"loc":{"start":{"line":101,"column":47},"end":{"line":101,"column":74}},"type":"binary-expr","locations":[{"start":{"line":101,"column":47},"end":{"line":101,"column":64}},{"start":{"line":101,"column":68},"end":{"line":101,"column":74}}]},"16":{"loc":{"start":{"line":111,"column":23},"end":{"line":111,"column":55}},"type":"binary-expr","locations":[{"start":{"line":111,"column":23},"end":{"line":111,"column":49}},{"start":{"line":111,"column":53},"end":{"line":111,"column":55}}]},"17":{"loc":{"start":{"line":113,"column":83},"end":{"line":113,"column":143}},"type":"binary-expr","locations":[{"start":{"line":113,"column":83},"end":{"line":113,"column":101}},{"start":{"line":113,"column":105},"end":{"line":113,"column":143}}]},"18":{"loc":{"start":{"line":114,"column":52},"end":{"line":114,"column":79}},"type":"binary-expr","locations":[{"start":{"line":114,"column":52},"end":{"line":114,"column":69}},{"start":{"line":114,"column":73},"end":{"line":114,"column":79}}]},"19":{"loc":{"start":{"line":122,"column":23},"end":{"line":122,"column":55}},"type":"binary-expr","locations":[{"start":{"line":122,"column":23},"end":{"line":122,"column":49}},{"start":{"line":122,"column":53},"end":{"line":122,"column":55}}]},"20":{"loc":{"start":{"line":124,"column":69},"end":{"line":124,"column":96}},"type":"binary-expr","locations":[{"start":{"line":124,"column":69},"end":{"line":124,"column":86}},{"start":{"line":124,"column":90},"end":{"line":124,"column":96}}]},"21":{"loc":{"start":{"line":138,"column":23},"end":{"line":138,"column":55}},"type":"binary-expr","locations":[{"start":{"line":138,"column":23},"end":{"line":138,"column":49}},{"start":{"line":138,"column":53},"end":{"line":138,"column":55}}]},"22":{"loc":{"start":{"line":140,"column":110},"end":{"line":140,"column":154}},"type":"binary-expr","locations":[{"start":{"line":140,"column":110},"end":{"line":140,"column":123}},{"start":{"line":140,"column":127},"end":{"line":140,"column":154}}]},"23":{"loc":{"start":{"line":141,"column":59},"end":{"line":141,"column":86}},"type":"binary-expr","locations":[{"start":{"line":141,"column":59},"end":{"line":141,"column":76}},{"start":{"line":141,"column":80},"end":{"line":141,"column":86}}]},"24":{"loc":{"start":{"line":148,"column":23},"end":{"line":148,"column":55}},"type":"binary-expr","locations":[{"start":{"line":148,"column":23},"end":{"line":148,"column":49}},{"start":{"line":148,"column":53},"end":{"line":148,"column":55}}]},"25":{"loc":{"start":{"line":150,"column":57},"end":{"line":150,"column":84}},"type":"binary-expr","locations":[{"start":{"line":150,"column":57},"end":{"line":150,"column":74}},{"start":{"line":150,"column":78},"end":{"line":150,"column":84}}]},"26":{"loc":{"start":{"line":158,"column":23},"end":{"line":158,"column":55}},"type":"binary-expr","locations":[{"start":{"line":158,"column":23},"end":{"line":158,"column":49}},{"start":{"line":158,"column":53},"end":{"line":158,"column":55}}]},"27":{"loc":{"start":{"line":160,"column":77},"end":{"line":160,"column":104}},"type":"binary-expr","locations":[{"start":{"line":160,"column":77},"end":{"line":160,"column":94}},{"start":{"line":160,"column":98},"end":{"line":160,"column":104}}]},"28":{"loc":{"start":{"line":168,"column":23},"end":{"line":168,"column":55}},"type":"binary-expr","locations":[{"start":{"line":168,"column":23},"end":{"line":168,"column":49}},{"start":{"line":168,"column":53},"end":{"line":168,"column":55}}]},"29":{"loc":{"start":{"line":170,"column":86},"end":{"line":170,"column":113}},"type":"binary-expr","locations":[{"start":{"line":170,"column":86},"end":{"line":170,"column":103}},{"start":{"line":170,"column":107},"end":{"line":170,"column":113}}]},"30":{"loc":{"start":{"line":178,"column":23},"end":{"line":178,"column":55}},"type":"binary-expr","locations":[{"start":{"line":178,"column":23},"end":{"line":178,"column":49}},{"start":{"line":178,"column":53},"end":{"line":178,"column":55}}]},"31":{"loc":{"start":{"line":180,"column":115},"end":{"line":180,"column":142}},"type":"binary-expr","locations":[{"start":{"line":180,"column":115},"end":{"line":180,"column":132}},{"start":{"line":180,"column":136},"end":{"line":180,"column":142}}]},"32":{"loc":{"start":{"line":187,"column":23},"end":{"line":187,"column":55}},"type":"binary-expr","locations":[{"start":{"line":187,"column":23},"end":{"line":187,"column":49}},{"start":{"line":187,"column":53},"end":{"line":187,"column":55}}]},"33":{"loc":{"start":{"line":189,"column":56},"end":{"line":189,"column":83}},"type":"binary-expr","locations":[{"start":{"line":189,"column":56},"end":{"line":189,"column":73}},{"start":{"line":189,"column":77},"end":{"line":189,"column":83}}]},"34":{"loc":{"start":{"line":196,"column":23},"end":{"line":196,"column":55}},"type":"binary-expr","locations":[{"start":{"line":196,"column":23},"end":{"line":196,"column":49}},{"start":{"line":196,"column":53},"end":{"line":196,"column":55}}]},"35":{"loc":{"start":{"line":198,"column":55},"end":{"line":198,"column":82}},"type":"binary-expr","locations":[{"start":{"line":198,"column":55},"end":{"line":198,"column":72}},{"start":{"line":198,"column":76},"end":{"line":198,"column":82}}]},"36":{"loc":{"start":{"line":206,"column":23},"end":{"line":206,"column":55}},"type":"binary-expr","locations":[{"start":{"line":206,"column":23},"end":{"line":206,"column":49}},{"start":{"line":206,"column":53},"end":{"line":206,"column":55}}]},"37":{"loc":{"start":{"line":208,"column":74},"end":{"line":208,"column":101}},"type":"binary-expr","locations":[{"start":{"line":208,"column":74},"end":{"line":208,"column":91}},{"start":{"line":208,"column":95},"end":{"line":208,"column":101}}]},"38":{"loc":{"start":{"line":218,"column":23},"end":{"line":218,"column":55}},"type":"binary-expr","locations":[{"start":{"line":218,"column":23},"end":{"line":218,"column":49}},{"start":{"line":218,"column":53},"end":{"line":218,"column":55}}]},"39":{"loc":{"start":{"line":220,"column":50},"end":{"line":220,"column":77}},"type":"binary-expr","locations":[{"start":{"line":220,"column":50},"end":{"line":220,"column":67}},{"start":{"line":220,"column":71},"end":{"line":220,"column":77}}]},"40":{"loc":{"start":{"line":228,"column":23},"end":{"line":228,"column":55}},"type":"binary-expr","locations":[{"start":{"line":228,"column":23},"end":{"line":228,"column":49}},{"start":{"line":228,"column":53},"end":{"line":228,"column":55}}]},"41":{"loc":{"start":{"line":230,"column":79},"end":{"line":230,"column":106}},"type":"binary-expr","locations":[{"start":{"line":230,"column":79},"end":{"line":230,"column":96}},{"start":{"line":230,"column":100},"end":{"line":230,"column":106}}]},"42":{"loc":{"start":{"line":237,"column":23},"end":{"line":237,"column":55}},"type":"binary-expr","locations":[{"start":{"line":237,"column":23},"end":{"line":237,"column":49}},{"start":{"line":237,"column":53},"end":{"line":237,"column":55}}]},"43":{"loc":{"start":{"line":239,"column":49},"end":{"line":239,"column":76}},"type":"binary-expr","locations":[{"start":{"line":239,"column":49},"end":{"line":239,"column":66}},{"start":{"line":239,"column":70},"end":{"line":239,"column":76}}]},"44":{"loc":{"start":{"line":247,"column":23},"end":{"line":247,"column":55}},"type":"binary-expr","locations":[{"start":{"line":247,"column":23},"end":{"line":247,"column":49}},{"start":{"line":247,"column":53},"end":{"line":247,"column":55}}]},"45":{"loc":{"start":{"line":249,"column":67},"end":{"line":249,"column":94}},"type":"binary-expr","locations":[{"start":{"line":249,"column":67},"end":{"line":249,"column":84}},{"start":{"line":249,"column":88},"end":{"line":249,"column":94}}]},"46":{"loc":{"start":{"line":261,"column":23},"end":{"line":261,"column":55}},"type":"binary-expr","locations":[{"start":{"line":261,"column":23},"end":{"line":261,"column":49}},{"start":{"line":261,"column":53},"end":{"line":261,"column":55}}]},"47":{"loc":{"start":{"line":264,"column":58},"end":{"line":264,"column":85}},"type":"binary-expr","locations":[{"start":{"line":264,"column":58},"end":{"line":264,"column":75}},{"start":{"line":264,"column":79},"end":{"line":264,"column":85}}]},"48":{"loc":{"start":{"line":271,"column":23},"end":{"line":271,"column":55}},"type":"binary-expr","locations":[{"start":{"line":271,"column":23},"end":{"line":271,"column":49}},{"start":{"line":271,"column":53},"end":{"line":271,"column":55}}]},"49":{"loc":{"start":{"line":273,"column":56},"end":{"line":273,"column":83}},"type":"binary-expr","locations":[{"start":{"line":273,"column":56},"end":{"line":273,"column":73}},{"start":{"line":273,"column":77},"end":{"line":273,"column":83}}]},"50":{"loc":{"start":{"line":281,"column":23},"end":{"line":281,"column":55}},"type":"binary-expr","locations":[{"start":{"line":281,"column":23},"end":{"line":281,"column":49}},{"start":{"line":281,"column":53},"end":{"line":281,"column":55}}]},"51":{"loc":{"start":{"line":283,"column":76},"end":{"line":283,"column":103}},"type":"binary-expr","locations":[{"start":{"line":283,"column":76},"end":{"line":283,"column":93}},{"start":{"line":283,"column":97},"end":{"line":283,"column":103}}]},"52":{"loc":{"start":{"line":290,"column":23},"end":{"line":290,"column":55}},"type":"binary-expr","locations":[{"start":{"line":290,"column":23},"end":{"line":290,"column":49}},{"start":{"line":290,"column":53},"end":{"line":290,"column":55}}]},"53":{"loc":{"start":{"line":292,"column":54},"end":{"line":292,"column":81}},"type":"binary-expr","locations":[{"start":{"line":292,"column":54},"end":{"line":292,"column":71}},{"start":{"line":292,"column":75},"end":{"line":292,"column":81}}]},"54":{"loc":{"start":{"line":301,"column":23},"end":{"line":301,"column":55}},"type":"binary-expr","locations":[{"start":{"line":301,"column":23},"end":{"line":301,"column":49}},{"start":{"line":301,"column":53},"end":{"line":301,"column":55}}]},"55":{"loc":{"start":{"line":303,"column":89},"end":{"line":303,"column":133}},"type":"binary-expr","locations":[{"start":{"line":303,"column":89},"end":{"line":303,"column":102}},{"start":{"line":303,"column":106},"end":{"line":303,"column":133}}]},"56":{"loc":{"start":{"line":304,"column":56},"end":{"line":304,"column":83}},"type":"binary-expr","locations":[{"start":{"line":304,"column":56},"end":{"line":304,"column":73}},{"start":{"line":304,"column":77},"end":{"line":304,"column":83}}]},"57":{"loc":{"start":{"line":312,"column":23},"end":{"line":312,"column":55}},"type":"binary-expr","locations":[{"start":{"line":312,"column":23},"end":{"line":312,"column":49}},{"start":{"line":312,"column":53},"end":{"line":312,"column":55}}]},"58":{"loc":{"start":{"line":314,"column":128},"end":{"line":314,"column":155}},"type":"binary-expr","locations":[{"start":{"line":314,"column":128},"end":{"line":314,"column":145}},{"start":{"line":314,"column":149},"end":{"line":314,"column":155}}]},"59":{"loc":{"start":{"line":322,"column":23},"end":{"line":322,"column":55}},"type":"binary-expr","locations":[{"start":{"line":322,"column":23},"end":{"line":322,"column":49}},{"start":{"line":322,"column":53},"end":{"line":322,"column":55}}]},"60":{"loc":{"start":{"line":324,"column":73},"end":{"line":324,"column":100}},"type":"binary-expr","locations":[{"start":{"line":324,"column":73},"end":{"line":324,"column":90}},{"start":{"line":324,"column":94},"end":{"line":324,"column":100}}]},"61":{"loc":{"start":{"line":337,"column":23},"end":{"line":337,"column":55}},"type":"binary-expr","locations":[{"start":{"line":337,"column":23},"end":{"line":337,"column":49}},{"start":{"line":337,"column":53},"end":{"line":337,"column":55}}]},"62":{"loc":{"start":{"line":339,"column":67},"end":{"line":339,"column":120}},"type":"binary-expr","locations":[{"start":{"line":339,"column":67},"end":{"line":339,"column":83}},{"start":{"line":339,"column":87},"end":{"line":339,"column":120}}]},"63":{"loc":{"start":{"line":340,"column":53},"end":{"line":340,"column":80}},"type":"binary-expr","locations":[{"start":{"line":340,"column":53},"end":{"line":340,"column":70}},{"start":{"line":340,"column":74},"end":{"line":340,"column":80}}]},"64":{"loc":{"start":{"line":347,"column":23},"end":{"line":347,"column":55}},"type":"binary-expr","locations":[{"start":{"line":347,"column":23},"end":{"line":347,"column":49}},{"start":{"line":347,"column":53},"end":{"line":347,"column":55}}]},"65":{"loc":{"start":{"line":349,"column":51},"end":{"line":349,"column":78}},"type":"binary-expr","locations":[{"start":{"line":349,"column":51},"end":{"line":349,"column":68}},{"start":{"line":349,"column":72},"end":{"line":349,"column":78}}]},"66":{"loc":{"start":{"line":358,"column":23},"end":{"line":358,"column":55}},"type":"binary-expr","locations":[{"start":{"line":358,"column":23},"end":{"line":358,"column":49}},{"start":{"line":358,"column":53},"end":{"line":358,"column":55}}]},"67":{"loc":{"start":{"line":360,"column":50},"end":{"line":360,"column":82}},"type":"binary-expr","locations":[{"start":{"line":360,"column":50},"end":{"line":360,"column":59}},{"start":{"line":360,"column":63},"end":{"line":360,"column":82}}]},"68":{"loc":{"start":{"line":361,"column":57},"end":{"line":361,"column":84}},"type":"binary-expr","locations":[{"start":{"line":361,"column":57},"end":{"line":361,"column":74}},{"start":{"line":361,"column":78},"end":{"line":361,"column":84}}]},"69":{"loc":{"start":{"line":368,"column":23},"end":{"line":368,"column":55}},"type":"binary-expr","locations":[{"start":{"line":368,"column":23},"end":{"line":368,"column":49}},{"start":{"line":368,"column":53},"end":{"line":368,"column":55}}]},"70":{"loc":{"start":{"line":370,"column":46},"end":{"line":370,"column":73}},"type":"binary-expr","locations":[{"start":{"line":370,"column":46},"end":{"line":370,"column":63}},{"start":{"line":370,"column":67},"end":{"line":370,"column":73}}]},"71":{"loc":{"start":{"line":379,"column":23},"end":{"line":379,"column":55}},"type":"binary-expr","locations":[{"start":{"line":379,"column":23},"end":{"line":379,"column":49}},{"start":{"line":379,"column":53},"end":{"line":379,"column":55}}]},"72":{"loc":{"start":{"line":381,"column":84},"end":{"line":381,"column":147}},"type":"binary-expr","locations":[{"start":{"line":381,"column":84},"end":{"line":381,"column":109}},{"start":{"line":381,"column":113},"end":{"line":381,"column":147}}]},"73":{"loc":{"start":{"line":382,"column":51},"end":{"line":382,"column":78}},"type":"binary-expr","locations":[{"start":{"line":382,"column":51},"end":{"line":382,"column":68}},{"start":{"line":382,"column":72},"end":{"line":382,"column":78}}]},"74":{"loc":{"start":{"line":390,"column":23},"end":{"line":390,"column":55}},"type":"binary-expr","locations":[{"start":{"line":390,"column":23},"end":{"line":390,"column":49}},{"start":{"line":390,"column":53},"end":{"line":390,"column":55}}]},"75":{"loc":{"start":{"line":392,"column":68},"end":{"line":392,"column":95}},"type":"binary-expr","locations":[{"start":{"line":392,"column":68},"end":{"line":392,"column":85}},{"start":{"line":392,"column":89},"end":{"line":392,"column":95}}]},"76":{"loc":{"start":{"line":407,"column":23},"end":{"line":407,"column":55}},"type":"binary-expr","locations":[{"start":{"line":407,"column":23},"end":{"line":407,"column":49}},{"start":{"line":407,"column":53},"end":{"line":407,"column":55}}]},"77":{"loc":{"start":{"line":410,"column":4},"end":{"line":410,"column":88}},"type":"if","locations":[{"start":{"line":410,"column":4},"end":{"line":410,"column":88}}]},"78":{"loc":{"start":{"line":411,"column":51},"end":{"line":411,"column":78}},"type":"binary-expr","locations":[{"start":{"line":411,"column":51},"end":{"line":411,"column":68}},{"start":{"line":411,"column":72},"end":{"line":411,"column":78}}]},"79":{"loc":{"start":{"line":418,"column":23},"end":{"line":418,"column":55}},"type":"binary-expr","locations":[{"start":{"line":418,"column":23},"end":{"line":418,"column":49}},{"start":{"line":418,"column":53},"end":{"line":418,"column":55}}]},"80":{"loc":{"start":{"line":420,"column":49},"end":{"line":420,"column":76}},"type":"binary-expr","locations":[{"start":{"line":420,"column":49},"end":{"line":420,"column":66}},{"start":{"line":420,"column":70},"end":{"line":420,"column":76}}]},"81":{"loc":{"start":{"line":428,"column":23},"end":{"line":428,"column":55}},"type":"binary-expr","locations":[{"start":{"line":428,"column":23},"end":{"line":428,"column":49}},{"start":{"line":428,"column":53},"end":{"line":428,"column":55}}]},"82":{"loc":{"start":{"line":430,"column":69},"end":{"line":430,"column":96}},"type":"binary-expr","locations":[{"start":{"line":430,"column":69},"end":{"line":430,"column":86}},{"start":{"line":430,"column":90},"end":{"line":430,"column":96}}]},"83":{"loc":{"start":{"line":437,"column":23},"end":{"line":437,"column":55}},"type":"binary-expr","locations":[{"start":{"line":437,"column":23},"end":{"line":437,"column":49}},{"start":{"line":437,"column":53},"end":{"line":437,"column":55}}]},"84":{"loc":{"start":{"line":439,"column":51},"end":{"line":439,"column":78}},"type":"binary-expr","locations":[{"start":{"line":439,"column":51},"end":{"line":439,"column":68}},{"start":{"line":439,"column":72},"end":{"line":439,"column":78}}]},"85":{"loc":{"start":{"line":449,"column":23},"end":{"line":449,"column":55}},"type":"binary-expr","locations":[{"start":{"line":449,"column":23},"end":{"line":449,"column":49}},{"start":{"line":449,"column":53},"end":{"line":449,"column":55}}]},"86":{"loc":{"start":{"line":451,"column":82},"end":{"line":451,"column":123}},"type":"binary-expr","locations":[{"start":{"line":451,"column":82},"end":{"line":451,"column":94}},{"start":{"line":451,"column":98},"end":{"line":451,"column":123}}]},"87":{"loc":{"start":{"line":451,"column":130},"end":{"line":451,"column":193}},"type":"binary-expr","locations":[{"start":{"line":451,"column":130},"end":{"line":451,"column":155}},{"start":{"line":451,"column":159},"end":{"line":451,"column":193}}]},"88":{"loc":{"start":{"line":452,"column":49},"end":{"line":452,"column":76}},"type":"binary-expr","locations":[{"start":{"line":452,"column":49},"end":{"line":452,"column":66}},{"start":{"line":452,"column":70},"end":{"line":452,"column":76}}]},"89":{"loc":{"start":{"line":460,"column":23},"end":{"line":460,"column":55}},"type":"binary-expr","locations":[{"start":{"line":460,"column":23},"end":{"line":460,"column":49}},{"start":{"line":460,"column":53},"end":{"line":460,"column":55}}]},"90":{"loc":{"start":{"line":462,"column":66},"end":{"line":462,"column":93}},"type":"binary-expr","locations":[{"start":{"line":462,"column":66},"end":{"line":462,"column":83}},{"start":{"line":462,"column":87},"end":{"line":462,"column":93}}]},"91":{"loc":{"start":{"line":474,"column":23},"end":{"line":474,"column":55}},"type":"binary-expr","locations":[{"start":{"line":474,"column":23},"end":{"line":474,"column":49}},{"start":{"line":474,"column":53},"end":{"line":474,"column":55}}]},"92":{"loc":{"start":{"line":477,"column":53},"end":{"line":477,"column":80}},"type":"binary-expr","locations":[{"start":{"line":477,"column":53},"end":{"line":477,"column":70}},{"start":{"line":477,"column":74},"end":{"line":477,"column":80}}]},"93":{"loc":{"start":{"line":484,"column":23},"end":{"line":484,"column":55}},"type":"binary-expr","locations":[{"start":{"line":484,"column":23},"end":{"line":484,"column":49}},{"start":{"line":484,"column":53},"end":{"line":484,"column":55}}]},"94":{"loc":{"start":{"line":486,"column":51},"end":{"line":486,"column":78}},"type":"binary-expr","locations":[{"start":{"line":486,"column":51},"end":{"line":486,"column":68}},{"start":{"line":486,"column":72},"end":{"line":486,"column":78}}]},"95":{"loc":{"start":{"line":495,"column":23},"end":{"line":495,"column":55}},"type":"binary-expr","locations":[{"start":{"line":495,"column":23},"end":{"line":495,"column":49}},{"start":{"line":495,"column":53},"end":{"line":495,"column":55}}]},"96":{"loc":{"start":{"line":497,"column":50},"end":{"line":497,"column":103}},"type":"binary-expr","locations":[{"start":{"line":497,"column":50},"end":{"line":497,"column":66}},{"start":{"line":497,"column":70},"end":{"line":497,"column":103}}]},"97":{"loc":{"start":{"line":498,"column":57},"end":{"line":498,"column":84}},"type":"binary-expr","locations":[{"start":{"line":498,"column":57},"end":{"line":498,"column":74}},{"start":{"line":498,"column":78},"end":{"line":498,"column":84}}]},"98":{"loc":{"start":{"line":505,"column":23},"end":{"line":505,"column":55}},"type":"binary-expr","locations":[{"start":{"line":505,"column":23},"end":{"line":505,"column":49}},{"start":{"line":505,"column":53},"end":{"line":505,"column":55}}]},"99":{"loc":{"start":{"line":507,"column":46},"end":{"line":507,"column":73}},"type":"binary-expr","locations":[{"start":{"line":507,"column":46},"end":{"line":507,"column":63}},{"start":{"line":507,"column":67},"end":{"line":507,"column":73}}]},"100":{"loc":{"start":{"line":517,"column":23},"end":{"line":517,"column":55}},"type":"binary-expr","locations":[{"start":{"line":517,"column":23},"end":{"line":517,"column":49}},{"start":{"line":517,"column":53},"end":{"line":517,"column":55}}]},"101":{"loc":{"start":{"line":519,"column":63},"end":{"line":519,"column":107}},"type":"binary-expr","locations":[{"start":{"line":519,"column":63},"end":{"line":519,"column":76}},{"start":{"line":519,"column":80},"end":{"line":519,"column":107}}]},"102":{"loc":{"start":{"line":519,"column":114},"end":{"line":519,"column":152}},"type":"binary-expr","locations":[{"start":{"line":519,"column":114},"end":{"line":519,"column":125}},{"start":{"line":519,"column":129},"end":{"line":519,"column":152}}]},"103":{"loc":{"start":{"line":520,"column":51},"end":{"line":520,"column":78}},"type":"binary-expr","locations":[{"start":{"line":520,"column":51},"end":{"line":520,"column":68}},{"start":{"line":520,"column":72},"end":{"line":520,"column":78}}]},"104":{"loc":{"start":{"line":524,"column":21},"end":{"line":524,"column":53}},"type":"binary-expr","locations":[{"start":{"line":524,"column":21},"end":{"line":524,"column":47}},{"start":{"line":524,"column":51},"end":{"line":524,"column":53}}]},"105":{"loc":{"start":{"line":526,"column":49},"end":{"line":526,"column":76}},"type":"binary-expr","locations":[{"start":{"line":526,"column":49},"end":{"line":526,"column":66}},{"start":{"line":526,"column":70},"end":{"line":526,"column":76}}]},"106":{"loc":{"start":{"line":530,"column":21},"end":{"line":530,"column":53}},"type":"binary-expr","locations":[{"start":{"line":530,"column":21},"end":{"line":530,"column":47}},{"start":{"line":530,"column":51},"end":{"line":530,"column":53}}]},"107":{"loc":{"start":{"line":532,"column":44},"end":{"line":532,"column":71}},"type":"binary-expr","locations":[{"start":{"line":532,"column":44},"end":{"line":532,"column":61}},{"start":{"line":532,"column":65},"end":{"line":532,"column":71}}]},"108":{"loc":{"start":{"line":536,"column":21},"end":{"line":536,"column":53}},"type":"binary-expr","locations":[{"start":{"line":536,"column":21},"end":{"line":536,"column":47}},{"start":{"line":536,"column":51},"end":{"line":536,"column":53}}]},"109":{"loc":{"start":{"line":538,"column":52},"end":{"line":538,"column":79}},"type":"binary-expr","locations":[{"start":{"line":538,"column":52},"end":{"line":538,"column":69}},{"start":{"line":538,"column":73},"end":{"line":538,"column":79}}]},"110":{"loc":{"start":{"line":542,"column":21},"end":{"line":542,"column":53}},"type":"binary-expr","locations":[{"start":{"line":542,"column":21},"end":{"line":542,"column":47}},{"start":{"line":542,"column":51},"end":{"line":542,"column":53}}]},"111":{"loc":{"start":{"line":544,"column":52},"end":{"line":544,"column":79}},"type":"binary-expr","locations":[{"start":{"line":544,"column":52},"end":{"line":544,"column":69}},{"start":{"line":544,"column":73},"end":{"line":544,"column":79}}]},"112":{"loc":{"start":{"line":552,"column":23},"end":{"line":552,"column":55}},"type":"binary-expr","locations":[{"start":{"line":552,"column":23},"end":{"line":552,"column":49}},{"start":{"line":552,"column":53},"end":{"line":552,"column":55}}]},"113":{"loc":{"start":{"line":554,"column":68},"end":{"line":554,"column":95}},"type":"binary-expr","locations":[{"start":{"line":554,"column":68},"end":{"line":554,"column":85}},{"start":{"line":554,"column":89},"end":{"line":554,"column":95}}]},"114":{"loc":{"start":{"line":568,"column":23},"end":{"line":568,"column":55}},"type":"binary-expr","locations":[{"start":{"line":568,"column":23},"end":{"line":568,"column":49}},{"start":{"line":568,"column":53},"end":{"line":568,"column":55}}]},"115":{"loc":{"start":{"line":570,"column":55},"end":{"line":570,"column":93}},"type":"binary-expr","locations":[{"start":{"line":570,"column":55},"end":{"line":570,"column":66}},{"start":{"line":570,"column":70},"end":{"line":570,"column":93}}]},"116":{"loc":{"start":{"line":570,"column":100},"end":{"line":570,"column":160}},"type":"binary-expr","locations":[{"start":{"line":570,"column":100},"end":{"line":570,"column":118}},{"start":{"line":570,"column":122},"end":{"line":570,"column":160}}]},"117":{"loc":{"start":{"line":570,"column":167},"end":{"line":570,"column":219}},"type":"binary-expr","locations":[{"start":{"line":570,"column":167},"end":{"line":570,"column":178}},{"start":{"line":570,"column":182},"end":{"line":570,"column":219}}]},"118":{"loc":{"start":{"line":571,"column":52},"end":{"line":571,"column":79}},"type":"binary-expr","locations":[{"start":{"line":571,"column":52},"end":{"line":571,"column":69}},{"start":{"line":571,"column":73},"end":{"line":571,"column":79}}]},"119":{"loc":{"start":{"line":578,"column":23},"end":{"line":578,"column":55}},"type":"binary-expr","locations":[{"start":{"line":578,"column":23},"end":{"line":578,"column":49}},{"start":{"line":578,"column":53},"end":{"line":578,"column":55}}]},"120":{"loc":{"start":{"line":580,"column":50},"end":{"line":580,"column":77}},"type":"binary-expr","locations":[{"start":{"line":580,"column":50},"end":{"line":580,"column":67}},{"start":{"line":580,"column":71},"end":{"line":580,"column":77}}]},"121":{"loc":{"start":{"line":588,"column":23},"end":{"line":588,"column":55}},"type":"binary-expr","locations":[{"start":{"line":588,"column":23},"end":{"line":588,"column":49}},{"start":{"line":588,"column":53},"end":{"line":588,"column":55}}]},"122":{"loc":{"start":{"line":590,"column":70},"end":{"line":590,"column":97}},"type":"binary-expr","locations":[{"start":{"line":590,"column":70},"end":{"line":590,"column":87}},{"start":{"line":590,"column":91},"end":{"line":590,"column":97}}]},"123":{"loc":{"start":{"line":599,"column":23},"end":{"line":599,"column":55}},"type":"binary-expr","locations":[{"start":{"line":599,"column":23},"end":{"line":599,"column":49}},{"start":{"line":599,"column":53},"end":{"line":599,"column":55}}]},"124":{"loc":{"start":{"line":601,"column":63},"end":{"line":601,"column":101}},"type":"binary-expr","locations":[{"start":{"line":601,"column":63},"end":{"line":601,"column":74}},{"start":{"line":601,"column":78},"end":{"line":601,"column":101}}]},"125":{"loc":{"start":{"line":602,"column":50},"end":{"line":602,"column":77}},"type":"binary-expr","locations":[{"start":{"line":602,"column":50},"end":{"line":602,"column":67}},{"start":{"line":602,"column":71},"end":{"line":602,"column":77}}]},"126":{"loc":{"start":{"line":609,"column":23},"end":{"line":609,"column":55}},"type":"binary-expr","locations":[{"start":{"line":609,"column":23},"end":{"line":609,"column":49}},{"start":{"line":609,"column":53},"end":{"line":609,"column":55}}]},"127":{"loc":{"start":{"line":611,"column":48},"end":{"line":611,"column":75}},"type":"binary-expr","locations":[{"start":{"line":611,"column":48},"end":{"line":611,"column":65}},{"start":{"line":611,"column":69},"end":{"line":611,"column":75}}]},"128":{"loc":{"start":{"line":621,"column":23},"end":{"line":621,"column":55}},"type":"binary-expr","locations":[{"start":{"line":621,"column":23},"end":{"line":621,"column":49}},{"start":{"line":621,"column":53},"end":{"line":621,"column":55}}]},"129":{"loc":{"start":{"line":623,"column":49},"end":{"line":623,"column":76}},"type":"binary-expr","locations":[{"start":{"line":623,"column":49},"end":{"line":623,"column":66}},{"start":{"line":623,"column":70},"end":{"line":623,"column":76}}]},"130":{"loc":{"start":{"line":633,"column":23},"end":{"line":633,"column":55}},"type":"binary-expr","locations":[{"start":{"line":633,"column":23},"end":{"line":633,"column":49}},{"start":{"line":633,"column":53},"end":{"line":633,"column":55}}]},"131":{"loc":{"start":{"line":635,"column":88},"end":{"line":635,"column":120}},"type":"binary-expr","locations":[{"start":{"line":635,"column":88},"end":{"line":635,"column":97}},{"
[...]
,"/Users/michaljuhas/Projects/ai-with-michal/stripe-cli/src/resources/charges.ts": {"path":"/Users/michaljuhas/Projects/ai-with-michal/stripe-cli/src/resources/charges.ts","statementMap":{"0":{"start":{"line":2,"column":0},"end":{"line":2,"column":49}},"1":{"start":{"line":4,"column":0},"end":{"line":20,"column":2}},"2":{"start":{"line":6,"column":4},"end":{"line":6,"column":39}},"3":{"start":{"line":10,"column":4},"end":{"line":10,"column":39}},"4":{"start":{"line":14,"column":4},"end":{"line":14,"column":81}},"5":{"start":{"line":18,"column":4},"end":{"line":18,"column":41}}},"fnMap":{"0":{"name":"(anonymous_0)","decl":{"start":{"line":5,"column":2},"end":{"line":5,"column":10}},"loc":{"start":{"line":5,"column":37},"end":{"line":7,"column":3}}},"1":{"name":"(anonymous_1)","decl":{"start":{"line":9,"column":2},"end":{"line":9,"column":6}},"loc":{"start":{"line":9,"column":55},"end":{"line":11,"column":3}}},"2":{"name":"(anonymous_2)","decl":{"start":{"line":13,"column":2},"end":{"line":13,"column":9}},"loc":{"start":{"line":13,"column":73},"end":{"line":15,"column":3}}},"3":{"name":"(anonymous_3)","decl":{"start":{"line":17,"column":2},"end":{"line":17,"column":8}},"loc":{"start":{"line":17,"column":58},"end":{"line":19,"column":3}}}},"branchMap":{},"s":{"0":3,"1":3,"2":2,"3":2,"4":2,"5":1},"f":{"0":2,"1":2,"2":2,"3":1},"b":{}}
,"/Users/michaljuhas/Projects/ai-with-michal/stripe-cli/src/resources/customers.ts": {"path":"/Users/michaljuhas/Projects/ai-with-michal/stripe-cli/src/resources/customers.ts","statementMap":{"0":{"start":{"line":2,"column":0},"end":{"line":2,"column":49}},"1":{"start":{"line":4,"column":0},"end":{"line":28,"column":2}},"2":{"start":{"line":6,"column":4},"end":{"line":6,"column":78}},"3":{"start":{"line":10,"column":4},"end":{"line":10,"column":41}},"4":{"start":{"line":14,"column":4},"end":{"line":14,"column":47}},"5":{"start":{"line":18,"column":4},"end":{"line":18,"column":36}},"6":{"start":{"line":22,"column":4},"end":{"line":22,"column":41}},"7":{"start":{"line":26,"column":4},"end":{"line":26,"column":43}}},"fnMap":{"0":{"name":"(anonymous_0)","decl":{"start":{"line":5,"column":2},"end":{"line":5,"column":8}},"loc":{"start":{"line":5,"column":60},"end":{"line":7,"column":3}}},"1":{"name":"(anonymous_1)","decl":{"start":{"line":9,"column":2},"end":{"line":9,"column":10}},"loc":{"start":{"line":9,"column":37},"end":{"line":11,"column":3}}},"2":{"name":"(anonymous_2)","decl":{"start":{"line":13,"column":2},"end":{"line":13,"column":8}},"loc":{"start":{"line":13,"column":72},"end":{"line":15,"column":3}}},"3":{"name":"(anonymous_3)","decl":{"start":{"line":17,"column":2},"end":{"line":17,"column":5}},"loc":{"start":{"line":17,"column":32},"end":{"line":19,"column":3}}},"4":{"name":"(anonymous_4)","decl":{"start":{"line":21,"column":2},"end":{"line":21,"column":6}},"loc":{"start":{"line":21,"column":57},"end":{"line":23,"column":3}}},"5":{"name":"(anonymous_5)","decl":{"start":{"line":25,"column":2},"end":{"line":25,"column":8}},"loc":{"start":{"line":25,"column":60},"end":{"line":27,"column":3}}}},"branchMap":{},"s":{"0":3,"1":3,"2":2,"3":2,"4":2,"5":2,"6":2,"7":1},"f":{"0":2,"1":2,"2":2,"3":2,"4":2,"5":1},"b":{}}
,"/Users/michaljuhas/Projects/ai-with-michal/stripe-cli/src/resources/events.ts": {"path":"/Users/michaljuhas/Projects/ai-with-michal/stripe-cli/src/resources/events.ts","statementMap":{"0":{"start":{"line":3,"column":0},"end":{"line":11,"column":2}},"1":{"start":{"line":5,"column":4},"end":{"line":5,"column":38}},"2":{"start":{"line":9,"column":4},"end":{"line":9,"column":38}}},"fnMap":{"0":{"name":"(anonymous_0)","decl":{"start":{"line":4,"column":2},"end":{"line":4,"column":10}},"loc":{"start":{"line":4,"column":37},"end":{"line":6,"column":3}}},"1":{"name":"(anonymous_1)","decl":{"start":{"line":8,"column":2},"end":{"line":8,"column":6}},"loc":{"start":{"line":8,"column":54},"end":{"line":10,"column":3}}}},"branchMap":{},"s":{"0":3,"1":2,"2":3},"f":{"0":2,"1":3},"b":{}}
,"/Users/michaljuhas/Projects/ai-with-michal/stripe-cli/src/resources/invoices.ts": {"path":"/Users/michaljuhas/Projects/ai-with-michal/stripe-cli/src/resources/invoices.ts","statementMap":{"0":{"start":{"line":2,"column":0},"end":{"line":2,"column":49}},"1":{"start":{"line":4,"column":0},"end":{"line":44,"column":2}},"2":{"start":{"line":6,"column":4},"end":{"line":6,"column":77}},"3":{"start":{"line":10,"column":4},"end":{"line":10,"column":40}},"4":{"start":{"line":14,"column":4},"end":{"line":14,"column":46}},"5":{"start":{"line":18,"column":4},"end":{"line":18,"column":35}},"6":{"start":{"line":22,"column":4},"end":{"line":22,"column":40}},"7":{"start":{"line":26,"column":4},"end":{"line":26,"column":90}},"8":{"start":{"line":30,"column":4},"end":{"line":30,"column":78}},"9":{"start":{"line":34,"column":4},"end":{"line":34,"column":89}},"10":{"start":{"line":38,"column":4},"end":{"line":38,"column":89}},"11":{"start":{"line":42,"column":4},"end":{"line":42,"column":42}}},"fnMap":{"0":{"name":"(anonymous_0)","decl":{"start":{"line":5,"column":2},"end":{"line":5,"column":8}},"loc":{"start":{"line":5,"column":59},"end":{"line":7,"column":3}}},"1":{"name":"(anonymous_1)","decl":{"start":{"line":9,"column":2},"end":{"line":9,"column":10}},"loc":{"start":{"line":9,"column":37},"end":{"line":11,"column":3}}},"2":{"name":"(anonymous_2)","decl":{"start":{"line":13,"column":2},"end":{"line":13,"column":8}},"loc":{"start":{"line":13,"column":71},"end":{"line":15,"column":3}}},"3":{"name":"(anonymous_3)","decl":{"start":{"line":17,"column":2},"end":{"line":17,"column":5}},"loc":{"start":{"line":17,"column":32},"end":{"line":19,"column":3}}},"4":{"name":"(anonymous_4)","decl":{"start":{"line":21,"column":2},"end":{"line":21,"column":6}},"loc":{"start":{"line":21,"column":56},"end":{"line":23,"column":3}}},"5":{"name":"(anonymous_5)","decl":{"start":{"line":25,"column":2},"end":{"line":25,"column":10}},"loc":{"start":{"line":25,"column":83},"end":{"line":27,"column":3}}},"6":{"name":"(anonymous_6)","decl":{"start":{"line":29,"column":2},"end":{"line":29,"column":5}},"loc":{"start":{"line":29,"column":66},"end":{"line":31,"column":3}}},"7":{"name":"(anonymous_7)","decl":{"start":{"line":33,"column":2},"end":{"line":33,"column":13}},"loc":{"start":{"line":33,"column":40},"end":{"line":35,"column":3}}},"8":{"name":"(anonymous_8)","decl":{"start":{"line":37,"column":2},"end":{"line":37,"column":13}},"loc":{"start":{"line":37,"column":40},"end":{"line":39,"column":3}}},"9":{"name":"(anonymous_9)","decl":{"start":{"line":41,"column":2},"end":{"line":41,"column":8}},"loc":{"start":{"line":41,"column":59},"end":{"line":43,"column":3}}}},"branchMap":{},"s":{"0":3,"1":3,"2":2,"3":1,"4":1,"5":1,"6":1,"7":1,"8":1,"9":1,"10":1,"11":1},"f":{"0":2,"1":1,"2":1,"3":1,"4":1,"5":1,"6":1,"7":1,"8":1,"9":1},"b":{}}
,"/Users/michaljuhas/Projects/ai-with-michal/stripe-cli/src/resources/payment-intents.ts": {"path":"/Users/michaljuhas/Projects/ai-with-michal/stripe-cli/src/resources/payment-intents.ts","statementMap":{"0":{"start":{"line":2,"column":0},"end":{"line":2,"column":49}},"1":{"start":{"line":4,"column":0},"end":{"line":36,"column":2}},"2":{"start":{"line":6,"column":4},"end":{"line":6,"column":83}},"3":{"start":{"line":10,"column":4},"end":{"line":10,"column":46}},"4":{"start":{"line":14,"column":4},"end":{"line":14,"column":52}},"5":{"start":{"line":18,"column":4},"end":{"line":18,"column":46}},"6":{"start":{"line":22,"column":4},"end":{"line":22,"column":88}},"7":{"start":{"line":26,"column":4},"end":{"line":26,"column":88}},"8":{"start":{"line":30,"column":4},"end":{"line":30,"column":87}},"9":{"start":{"line":34,"column":4},"end":{"line":34,"column":48}}},"fnMap":{"0":{"name":"(anonymous_0)","decl":{"start":{"line":5,"column":2},"end":{"line":5,"column":8}},"loc":{"start":{"line":5,"column":65},"end":{"line":7,"column":3}}},"1":{"name":"(anonymous_1)","decl":{"start":{"line":9,"column":2},"end":{"line":9,"column":10}},"loc":{"start":{"line":9,"column":37},"end":{"line":11,"column":3}}},"2":{"name":"(anonymous_2)","decl":{"start":{"line":13,"column":2},"end":{"line":13,"column":8}},"loc":{"start":{"line":13,"column":77},"end":{"line":15,"column":3}}},"3":{"name":"(anonymous_3)","decl":{"start":{"line":17,"column":2},"end":{"line":17,"column":6}},"loc":{"start":{"line":17,"column":62},"end":{"line":19,"column":3}}},"4":{"name":"(anonymous_4)","decl":{"start":{"line":21,"column":2},"end":{"line":21,"column":9}},"loc":{"start":{"line":21,"column":80},"end":{"line":23,"column":3}}},"5":{"name":"(anonymous_5)","decl":{"start":{"line":25,"column":2},"end":{"line":25,"column":9}},"loc":{"start":{"line":25,"column":80},"end":{"line":27,"column":3}}},"6":{"name":"(anonymous_6)","decl":{"start":{"line":29,"column":2},"end":{"line":29,"column":8}},"loc":{"start":{"line":29,"column":78},"end":{"line":31,"column":3}}},"7":{"name":"(anonymous_7)","decl":{"start":{"line":33,"column":2},"end":{"line":33,"column":8}},"loc":{"start":{"line":33,"column":65},"end":{"line":35,"column":3}}}},"branchMap":{},"s":{"0":3,"1":3,"2":2,"3":2,"4":1,"5":1,"6":2,"7":1,"8":1,"9":1},"f":{"0":2,"1":2,"2":1,"3":1,"4":2,"5":1,"6":1,"7":1},"b":{}}
,"/Users/michaljuhas/Projects/ai-with-michal/stripe-cli/src/resources/prices.ts": {"path":"/Users/michaljuhas/Projects/ai-with-michal/stripe-cli/src/resources/prices.ts","statementMap":{"0":{"start":{"line":2,"column":0},"end":{"line":2,"column":49}},"1":{"start":{"line":4,"column":0},"end":{"line":28,"column":2}},"2":{"start":{"line":6,"column":4},"end":{"line":6,"column":75}},"3":{"start":{"line":10,"column":4},"end":{"line":10,"column":38}},"4":{"start":{"line":14,"column":4},"end":{"line":14,"column":44}},"5":{"start":{"line":18,"column":4},"end":{"line":18,"column":55}},"6":{"start":{"line":22,"column":4},"end":{"line":22,"column":38}},"7":{"start":{"line":26,"column":4},"end":{"line":26,"column":40}}},"fnMap":{"0":{"name":"(anonymous_0)","decl":{"start":{"line":5,"column":2},"end":{"line":5,"column":8}},"loc":{"start":{"line":5,"column":57},"end":{"line":7,"column":3}}},"1":{"name":"(anonymous_1)","decl":{"start":{"line":9,"column":2},"end":{"line":9,"column":10}},"loc":{"start":{"line":9,"column":37},"end":{"line":11,"column":3}}},"2":{"name":"(anonymous_2)","decl":{"start":{"line":13,"column":2},"end":{"line":13,"column":8}},"loc":{"start":{"line":13,"column":69},"end":{"line":15,"column":3}}},"3":{"name":"(anonymous_3)","decl":{"start":{"line":17,"column":2},"end":{"line":17,"column":12}},"loc":{"start":{"line":17,"column":39},"end":{"line":19,"column":3}}},"4":{"name":"(anonymous_4)","decl":{"start":{"line":21,"column":2},"end":{"line":21,"column":6}},"loc":{"start":{"line":21,"column":54},"end":{"line":23,"column":3}}},"5":{"name":"(anonymous_5)","decl":{"start":{"line":25,"column":2},"end":{"line":25,"column":8}},"loc":{"start":{"line":25,"column":57},"end":{"line":27,"column":3}}}},"branchMap":{},"s":{"0":3,"1":3,"2":2,"3":1,"4":1,"5":1,"6":1,"7":1},"f":{"0":2,"1":1,"2":1,"3":1,"4":1,"5":1},"b":{}}
,"/Users/michaljuhas/Projects/ai-with-michal/stripe-cli/src/resources/products.ts": {"path":"/Users/michaljuhas/Projects/ai-with-michal/stripe-cli/src/resources/products.ts","statementMap":{"0":{"start":{"line":2,"column":0},"end":{"line":2,"column":49}},"1":{"start":{"line":4,"column":0},"end":{"line":28,"column":2}},"2":{"start":{"line":6,"column":4},"end":{"line":6,"column":77}},"3":{"start":{"line":10,"column":4},"end":{"line":10,"column":40}},"4":{"start":{"line":14,"column":4},"end":{"line":14,"column":46}},"5":{"start":{"line":18,"column":4},"end":{"line":18,"column":35}},"6":{"start":{"line":22,"column":4},"end":{"line":22,"column":40}},"7":{"start":{"line":26,"column":4},"end":{"line":26,"column":42}}},"fnMap":{"0":{"name":"(anonymous_0)","decl":{"start":{"line":5,"column":2},"end":{"line":5,"column":8}},"loc":{"start":{"line":5,"column":59},"end":{"line":7,"column":3}}},"1":{"name":"(anonymous_1)","decl":{"start":{"line":9,"column":2},"end":{"line":9,"column":10}},"loc":{"start":{"line":9,"column":37},"end":{"line":11,"column":3}}},"2":{"name":"(anonymous_2)","decl":{"start":{"line":13,"column":2},"end":{"line":13,"column":8}},"loc":{"start":{"line":13,"column":71},"end":{"line":15,"column":3}}},"3":{"name":"(anonymous_3)","decl":{"start":{"line":17,"column":2},"end":{"line":17,"column":5}},"loc":{"start":{"line":17,"column":32},"end":{"line":19,"column":3}}},"4":{"name":"(anonymous_4)","decl":{"start":{"line":21,"column":2},"end":{"line":21,"column":6}},"loc":{"start":{"line":21,"column":56},"end":{"line":23,"column":3}}},"5":{"name":"(anonymous_5)","decl":{"start":{"line":25,"column":2},"end":{"line":25,"column":8}},"loc":{"start":{"line":25,"column":59},"end":{"line":27,"column":3}}}},"branchMap":{},"s":{"0":3,"1":3,"2":2,"3":1,"4":1,"5":2,"6":2,"7":1},"f":{"0":2,"1":1,"2":1,"3":2,"4":2,"5":1},"b":{}}
,"/Users/michaljuhas/Projects/ai-with-michal/stripe-cli/src/resources/refunds.ts": {"path":"/Users/michaljuhas/Projects/ai-with-michal/stripe-cli/src/resources/refunds.ts","statementMap":{"0":{"start":{"line":2,"column":0},"end":{"line":2,"column":49}},"1":{"start":{"line":4,"column":0},"end":{"line":24,"column":2}},"2":{"start":{"line":6,"column":4},"end":{"line":6,"column":76}},"3":{"start":{"line":10,"column":4},"end":{"line":10,"column":39}},"4":{"start":{"line":14,"column":4},"end":{"line":14,"column":45}},"5":{"start":{"line":18,"column":4},"end":{"line":18,"column":39}},"6":{"start":{"line":22,"column":4},"end":{"line":22,"column":83}}},"fnMap":{"0":{"name":"(anonymous_0)","decl":{"start":{"line":5,"column":2},"end":{"line":5,"column":8}},"loc":{"start":{"line":5,"column":58},"end":{"line":7,"column":3}}},"1":{"name":"(anonymous_1)","decl":{"start":{"line":9,"column":2},"end":{"line":9,"column":10}},"loc":{"start":{"line":9,"column":37},"end":{"line":11,"column":3}}},"2":{"name":"(anonymous_2)","decl":{"start":{"line":13,"column":2},"end":{"line":13,"column":8}},"loc":{"start":{"line":13,"column":70},"end":{"line":15,"column":3}}},"3":{"name":"(anonymous_3)","decl":{"start":{"line":17,"column":2},"end":{"line":17,"column":6}},"loc":{"start":{"line":17,"column":55},"end":{"line":19,"column":3}}},"4":{"name":"(anonymous_4)","decl":{"start":{"line":21,"column":2},"end":{"line":21,"column":8}},"loc":{"start":{"line":21,"column":35},"end":{"line":23,"column":3}}}},"branchMap":{},"s":{"0":3,"1":3,"2":3,"3":1,"4":1,"5":2,"6":2},"f":{"0":3,"1":1,"2":1,"3":2,"4":2},"b":{}}
,"/Users/michaljuhas/Projects/ai-with-michal/stripe-cli/src/resources/subscriptions.ts": {"path":"/Users/michaljuhas/Projects/ai-with-michal/stripe-cli/src/resources/subscriptions.ts","statementMap":{"0":{"start":{"line":2,"column":0},"end":{"line":2,"column":49}},"1":{"start":{"line":4,"column":0},"end":{"line":32,"column":2}},"2":{"start":{"line":6,"column":4},"end":{"line":6,"column":82}},"3":{"start":{"line":10,"column":4},"end":{"line":10,"column":45}},"4":{"start":{"line":14,"column":4},"end":{"line":14,"column":51}},"5":{"start":{"line":18,"column":4},"end":{"line":18,"column":43}},"6":{"start":{"line":22,"column":4},"end":{"line":22,"column":45}},"7":{"start":{"line":26,"column":4},"end":{"line":26,"column":86}},"8":{"start":{"line":30,"column":4},"end":{"line":30,"column":47}}},"fnMap":{"0":{"name":"(anonymous_0)","decl":{"start":{"line":5,"column":2},"end":{"line":5,"column":8}},"loc":{"start":{"line":5,"column":64},"end":{"line":7,"column":3}}},"1":{"name":"(anonymous_1)","decl":{"start":{"line":9,"column":2},"end":{"line":9,"column":10}},"loc":{"start":{"line":9,"column":37},"end":{"line":11,"column":3}}},"2":{"name":"(anonymous_2)","decl":{"start":{"line":13,"column":2},"end":{"line":13,"column":8}},"loc":{"start":{"line":13,"column":76},"end":{"line":15,"column":3}}},"3":{"name":"(anonymous_3)","decl":{"start":{"line":17,"column":2},"end":{"line":17,"column":8}},"loc":{"start":{"line":17,"column":35},"end":{"line":19,"column":3}}},"4":{"name":"(anonymous_4)","decl":{"start":{"line":21,"column":2},"end":{"line":21,"column":6}},"loc":{"start":{"line":21,"column":61},"end":{"line":23,"column":3}}},"5":{"name":"(anonymous_5)","decl":{"start":{"line":25,"column":2},"end":{"line":25,"column":8}},"loc":{"start":{"line":25,"column":76},"end":{"line":27,"column":3}}},"6":{"name":"(anonymous_6)","decl":{"start":{"line":29,"column":2},"end":{"line":29,"column":8}},"loc":{"start":{"line":29,"column":64},"end":{"line":31,"column":3}}}},"branchMap":{},"s":{"0":3,"1":3,"2":2,"3":1,"4":1,"5":2,"6":1,"7":1,"8":1},"f":{"0":2,"1":1,"2":1,"3":2,"4":1,"5":1,"6":1},"b":{}}
,"/Users/michaljuhas/Projects/ai-with-michal/stripe-cli/src/resources/webhook-endpoints.ts": {"path":"/Users/michaljuhas/Projects/ai-with-michal/stripe-cli/src/resources/webhook-endpoints.ts","statementMap":{"0":{"start":{"line":2,"column":0},"end":{"line":2,"column":49}},"1":{"start":{"line":4,"column":0},"end":{"line":24,"column":2}},"2":{"start":{"line":6,"column":4},"end":{"line":6,"column":85}},"3":{"start":{"line":10,"column":4},"end":{"line":10,"column":48}},"4":{"start":{"line":14,"column":4},"end":{"line":14,"column":54}},"5":{"start":{"line":18,"column":4},"end":{"line":18,"column":43}},"6":{"start":{"line":22,"column":4},"end":{"line":22,"column":48}}},"fnMap":{"0":{"name":"(anonymous_0)","decl":{"start":{"line":5,"column":2},"end":{"line":5,"column":8}},"loc":{"start":{"line":5,"column":67},"end":{"line":7,"column":3}}},"1":{"name":"(anonymous_1)","decl":{"start":{"line":9,"column":2},"end":{"line":9,"column":10}},"loc":{"start":{"line":9,"column":37},"end":{"line":11,"column":3}}},"2":{"name":"(anonymous_2)","decl":{"start":{"line":13,"column":2},"end":{"line":13,"column":8}},"loc":{"start":{"line":13,"column":79},"end":{"line":15,"column":3}}},"3":{"name":"(anonymous_3)","decl":{"start":{"line":17,"column":2},"end":{"line":17,"column":5}},"loc":{"start":{"line":17,"column":32},"end":{"line":19,"column":3}}},"4":{"name":"(anonymous_4)","decl":{"start":{"line":21,"column":2},"end":{"line":21,"column":6}},"loc":{"start":{"line":21,"column":64},"end":{"line":23,"column":3}}}},"branchMap":{},"s":{"0":3,"1":3,"2":3,"3":1,"4":1,"5":2,"6":1},"f":{"0":3,"1":1,"2":1,"3":2,"4":1},"b":{}}
}
