TN:
SF:src/cli.ts
FN:28,getClient
FN:33,run
FN:46,parseData
FN:66,(anonymous_4)
FN:70,(anonymous_5)
FN:76,(anonymous_6)
FN:79,(anonymous_7)
FN:88,(anonymous_8)
FN:92,(anonymous_9)
FN:98,(anonymous_10)
FN:101,(anonymous_11)
FN:110,(anonymous_12)
FN:114,(anonymous_13)
FN:121,(anonymous_14)
FN:124,(anonymous_15)
FN:137,(anonymous_16)
FN:141,(anonymous_17)
FN:147,(anonymous_18)
FN:150,(anonymous_19)
FN:157,(anonymous_20)
FN:160,(anonymous_21)
FN:167,(anonymous_22)
FN:170,(anonymous_23)
FN:177,(anonymous_24)
FN:180,(anonymous_25)
FN:186,(anonymous_26)
FN:189,(anonymous_27)
FN:195,(anonymous_28)
FN:198,(anonymous_29)
FN:205,(anonymous_30)
FN:208,(anonymous_31)
FN:217,(anonymous_32)
FN:220,(anonymous_33)
FN:227,(anonymous_34)
FN:230,(anonymous_35)
FN:236,(anonymous_36)
FN:239,(anonymous_37)
FN:246,(anonymous_38)
FN:249,(anonymous_39)
FN:260,(anonymous_40)
FN:264,(anonymous_41)
FN:270,(anonymous_42)
FN:273,(anonymous_43)
FN:280,(anonymous_44)
FN:283,(anonymous_45)
FN:289,(anonymous_46)
FN:292,(anonymous_47)
FN:300,(anonymous_48)
FN:304,(anonymous_49)
FN:311,(anonymous_50)
FN:314,(anonymous_51)
FN:321,(anonymous_52)
FN:324,(anonymous_53)
FN:336,(anonymous_54)
FN:340,(anonymous_55)
FN:346,(anonymous_56)
FN:349,(anonymous_57)
FN:357,(anonymous_58)
FN:361,(anonymous_59)
FN:367,(anonymous_60)
FN:370,(anonymous_61)
FN:378,(anonymous_62)
FN:382,(anonymous_63)
FN:389,(anonymous_64)
FN:392,(anonymous_65)
FN:406,(anonymous_66)
FN:411,(anonymous_67)
FN:417,(anonymous_68)
FN:420,(anonymous_69)
FN:427,(anonymous_70)
FN:430,(anonymous_71)
FN:436,(anonymous_72)
FN:439,(anonymous_73)
FN:448,(anonymous_74)
FN:452,(anonymous_75)
FN:459,(anonymous_76)
FN:462,(anonymous_77)
FN:473,(anonymous_78)
FN:477,(anonymous_79)
FN:483,(anonymous_80)
FN:486,(anonymous_81)
FN:494,(anonymous_82)
FN:498,(anonymous_83)
FN:504,(anonymous_84)
FN:507,(anonymous_85)
FN:516,(anonymous_86)
FN:520,(anonymous_87)
FN:523,(anonymous_88)
FN:526,(anonymous_89)
FN:529,(anonymous_90)
FN:532,(anonymous_91)
FN:535,(anonymous_92)
FN:538,(anonymous_93)
FN:541,(anonymous_94)
FN:544,(anonymous_95)
FN:551,(anonymous_96)
FN:554,(anonymous_97)
FN:567,(anonymous_98)
FN:571,(anonymous_99)
FN:577,(anonymous_100)
FN:580,(anonymous_101)
FN:587,(anonymous_102)
FN:590,(anonymous_103)
FN:598,(anonymous_104)
FN:602,(anonymous_105)
FN:608,(anonymous_106)
FN:611,(anonymous_107)
FN:620,(anonymous_108)
FN:623,(anonymous_109)
FN:632,(anonymous_110)
FN:636,(anonymous_111)
FN:648,(anonymous_112)
FN:651,(anonymous_113)
FN:653,(anonymous_114)
FN:659,(anonymous_115)
FN:662,(anonymous_116)
FN:671,(anonymous_117)
FN:674,(anonymous_118)
FN:675,(anonymous_119)
FN:681,(anonymous_120)
FN:684,(anonymous_121)
FN:691,(anonymous_122)
FN:694,(anonymous_123)
FN:700,(anonymous_124)
FNF:124
FNH:9
FNDA:5,getClient
FNDA:5,run
FNDA:3,parseData
FNDA:0,(anonymous_4)
FNDA:0,(anonymous_5)
FNDA:2,(anonymous_6)
FNDA:2,(anonymous_7)
FNDA:0,(anonymous_8)
FNDA:0,(anonymous_9)
FNDA:0,(anonymous_10)
FNDA:0,(anonymous_11)
FNDA:2,(anonymous_12)
FNDA:2,(anonymous_13)
FNDA:0,(anonymous_14)
FNDA:0,(anonymous_15)
FNDA:0,(anonymous_16)
FNDA:0,(anonymous_17)
FNDA:0,(anonymous_18)
FNDA:0,(anonymous_19)
FNDA:0,(anonymous_20)
FNDA:0,(anonymous_21)
FNDA:0,(anonymous_22)
FNDA:0,(anonymous_23)
FNDA:1,(anonymous_24)
FNDA:1,(anonymous_25)
FNDA:0,(anonymous_26)
FNDA:0,(anonymous_27)
FNDA:0,(anonymous_28)
FNDA:0,(anonymous_29)
FNDA:0,(anonymous_30)
FNDA:0,(anonymous_31)
FNDA:0,(anonymous_32)
FNDA:0,(anonymous_33)
FNDA:0,(anonymous_34)
FNDA:0,(anonymous_35)
FNDA:0,(anonymous_36)
FNDA:0,(anonymous_37)
FNDA:0,(anonymous_38)
FNDA:0,(anonymous_39)
FNDA:0,(anonymous_40)
FNDA:0,(anonymous_41)
FNDA:0,(anonymous_42)
FNDA:0,(anonymous_43)
FNDA:0,(anonymous_44)
FNDA:0,(anonymous_45)
FNDA:0,(anonymous_46)
FNDA:0,(anonymous_47)
FNDA:0,(anonymous_48)
FNDA:0,(anonymous_49)
FNDA:0,(anonymous_50)
FNDA:0,(anonymous_51)
FNDA:0,(anonymous_52)
FNDA:0,(anonymous_53)
FNDA:0,(anonymous_54)
FNDA:0,(anonymous_55)
FNDA:0,(anonymous_56)
FNDA:0,(anonymous_57)
FNDA:0,(anonymous_58)
FNDA:0,(anonymous_59)
FNDA:0,(anonymous_60)
FNDA:0,(anonymous_61)
FNDA:0,(anonymous_62)
FNDA:0,(anonymous_63)
FNDA:0,(anonymous_64)
FNDA:0,(anonymous_65)
FNDA:0,(anonymous_66)
FNDA:0,(anonymous_67)
FNDA:0,(anonymous_68)
FNDA:0,(anonymous_69)
FNDA:0,(anonymous_70)
FNDA:0,(anonymous_71)
FNDA:0,(anonymous_72)
FNDA:0,(anonymous_73)
FNDA:0,(anonymous_74)
FNDA:0,(anonymous_75)
FNDA:0,(anonymous_76)
FNDA:0,(anonymous_77)
FNDA:0,(anonymous_78)
FNDA:0,(anonymous_79)
FNDA:0,(anonymous_80)
FNDA:0,(anonymous_81)
FNDA:0,(anonymous_82)
FNDA:0,(anonymous_83)
FNDA:0,(anonymous_84)
FNDA:0,(anonymous_85)
FNDA:0,(anonymous_86)
FNDA:0,(anonymous_87)
FNDA:0,(anonymous_88)
FNDA:0,(anonymous_89)
FNDA:0,(anonymous_90)
FNDA:0,(anonymous_91)
FNDA:0,(anonymous_92)
FNDA:0,(anonymous_93)
FNDA:0,(anonymous_94)
FNDA:0,(anonymous_95)
FNDA:0,(anonymous_96)
FNDA:0,(anonymous_97)
FNDA:0,(anonymous_98)
FNDA:0,(anonymous_99)
FNDA:0,(anonymous_100)
FNDA:0,(anonymous_101)
FNDA:0,(anonymous_102)
FNDA:0,(anonymous_103)
FNDA:0,(anonymous_104)
FNDA:0,(anonymous_105)
FNDA:0,(anonymous_106)
FNDA:0,(anonymous_107)
FNDA:0,(anonymous_108)
FNDA:0,(anonymous_109)
FNDA:0,(anonymous_110)
FNDA:0,(anonymous_111)
FNDA:0,(anonymous_112)
FNDA:0,(anonymous_113)
FNDA:0,(anonymous_114)
FNDA:0,(anonymous_115)
FNDA:0,(anonymous_116)
FNDA:0,(anonymous_117)
FNDA:0,(anonymous_118)
FNDA:0,(anonymous_119)
FNDA:0,(anonymous_120)
FNDA:0,(anonymous_121)
FNDA:0,(anonymous_122)
FNDA:0,(anonymous_123)
FNDA:0,(anonymous_124)
DA:1,1
DA:2,1
DA:3,1
DA:4,1
DA:5,1
DA:6,1
DA:7,1
DA:8,1
DA:9,1
DA:10,1
DA:11,1
DA:12,1
DA:13,1
DA:14,1
DA:15,1
DA:18,1
DA:20,1
DA:29,5
DA:30,5
DA:37,5
DA:38,5
DA:39,4
DA:41,1
DA:42,1
DA:47,3
DA:48,0
DA:49,0
DA:51,0
DA:52,0
DA:57,1
DA:59,1
DA:67,0
DA:68,0
DA:69,0
DA:70,0
DA:73,1
DA:77,2
DA:78,2
DA:79,2
DA:82,1
DA:89,0
DA:90,0
DA:91,0
DA:92,0
DA:95,1
DA:99,0
DA:100,0
DA:101,0
DA:104,1
DA:111,2
DA:112,2
DA:113,2
DA:114,2
DA:117,1
DA:122,0
DA:123,0
DA:124,0
DA:128,1
DA:130,1
DA:138,0
DA:139,0
DA:140,0
DA:141,0
DA:144,1
DA:148,0
DA:149,0
DA:150,0
DA:153,1
DA:158,0
DA:159,0
DA:160,0
DA:163,1
DA:168,0
DA:169,0
DA:170,0
DA:173,1
DA:178,1
DA:179,1
DA:180,1
DA:183,1
DA:187,0
DA:188,0
DA:189,0
DA:192,1
DA:196,0
DA:197,0
DA:198,0
DA:201,1
DA:206,0
DA:207,0
DA:208,0
DA:212,1
DA:214,1
DA:218,0
DA:219,0
DA:220,0
DA:223,1
DA:228,0
DA:229,0
DA:230,0
DA:233,1
DA:237,0
DA:238,0
DA:239,0
DA:242,1
DA:247,0
DA:248,0
DA:249,0
DA:253,1
DA:255,1
DA:261,0
DA:262,0
DA:263,0
DA:264,0
DA:267,1
DA:271,0
DA:272,0
DA:273,0
DA:276,1
DA:281,0
DA:282,0
DA:283,0
DA:286,1
DA:290,0
DA:291,0
DA:292,0
DA:295,1
DA:301,0
DA:302,0
DA:303,0
DA:304,0
DA:307,1
DA:312,0
DA:313,0
DA:314,0
DA:317,1
DA:322,0
DA:323,0
DA:324,0
DA:328,1
DA:330,1
DA:337,0
DA:338,0
DA:339,0
DA:340,0
DA:343,1
DA:347,0
DA:348,0
DA:349,0
DA:352,1
DA:358,0
DA:359,0
DA:360,0
DA:361,0
DA:364,1
DA:368,0
DA:369,0
DA:370,0
DA:373,1
DA:379,0
DA:380,0
DA:381,0
DA:382,0
DA:385,1
DA:390,0
DA:391,0
DA:392,0
DA:396,1
DA:398,1
DA:407,0
DA:408,0
DA:409,0
DA:410,0
DA:411,0
DA:414,1
DA:418,0
DA:419,0
DA:420,0
DA:423,1
DA:428,0
DA:429,0
DA:430,0
DA:433,1
DA:437,0
DA:438,0
DA:439,0
DA:442,1
DA:449,0
DA:450,0
DA:451,0
DA:452,0
DA:455,1
DA:460,0
DA:461,0
DA:462,0
DA:466,1
DA:468,1
DA:474,0
DA:475,0
DA:476,0
DA:477,0
DA:480,1
DA:484,0
DA:485,0
DA:486,0
DA:489,1
DA:495,0
DA:496,0
DA:497,0
DA:498,0
DA:501,1
DA:505,0
DA:506,0
DA:507,0
DA:510,1
DA:517,0
DA:518,0
DA:519,0
DA:520,0
DA:523,1
DA:524,0
DA:525,0
DA:526,0
DA:529,1
DA:530,0
DA:531,0
DA:532,0
DA:535,1
DA:536,0
DA:537,0
DA:538,0
DA:541,1
DA:542,0
DA:543,0
DA:544,0
DA:547,1
DA:552,0
DA:553,0
DA:554,0
DA:558,1
DA:560,1
DA:568,0
DA:569,0
DA:570,0
DA:571,0
DA:574,1
DA:578,0
DA:579,0
DA:580,0
DA:583,1
DA:588,0
DA:589,0
DA:590,0
DA:593,1
DA:599,0
DA:600,0
DA:601,0
DA:602,0
DA:605,1
DA:609,0
DA:610,0
DA:611,0
DA:615,1
DA:617,1
DA:621,0
DA:622,0
DA:623,0
DA:626,1
DA:633,0
DA:634,0
DA:635,0
DA:636,0
DA:640,1
DA:642,1
DA:649,0
DA:650,0
DA:651,0
DA:652,0
DA:653,0
DA:656,1
DA:660,0
DA:661,0
DA:662,0
DA:665,1
DA:672,0
DA:673,0
DA:674,0
DA:675,0
DA:678,1
DA:682,0
DA:683,0
DA:684,0
DA:687,1
DA:692,0
DA:693,0
DA:694,0
DA:697,1
DA:699,1
DA:700,0
DA:701,0
DA:702,0
LF:301
LH:106
BRDA:29,0,0,5
BRDA:29,0,1,5
BRDA:30,1,0,5
BRDA:30,1,1,0
BRDA:47,2,0,3
BRDA:67,3,0,0
BRDA:67,3,1,0
BRDA:69,4,0,0
BRDA:69,4,1,0
BRDA:69,5,0,0
BRDA:69,5,1,0
BRDA:69,6,0,0
BRDA:69,6,1,0
BRDA:70,7,0,0
BRDA:70,7,1,0
BRDA:77,8,0,2
BRDA:77,8,1,0
BRDA:79,9,0,2
BRDA:79,9,1,0
BRDA:89,10,0,0
BRDA:89,10,1,0
BRDA:91,11,0,0
BRDA:91,11,1,0
BRDA:91,12,0,0
BRDA:91,12,1,0
BRDA:92,13,0,0
BRDA:92,13,1,0
BRDA:99,14,0,0
BRDA:99,14,1,0
BRDA:101,15,0,0
BRDA:101,15,1,0
BRDA:111,16,0,2
BRDA:111,16,1,0
BRDA:113,17,0,2
BRDA:113,17,1,0
BRDA:114,18,0,2
BRDA:114,18,1,0
BRDA:122,19,0,0
BRDA:122,19,1,0
BRDA:124,20,0,0
BRDA:124,20,1,0
BRDA:138,21,0,0
BRDA:138,21,1,0
BRDA:140,22,0,0
BRDA:140,22,1,0
BRDA:141,23,0,0
BRDA:141,23,1,0
BRDA:148,24,0,0
BRDA:148,24,1,0
BRDA:150,25,0,0
BRDA:150,25,1,0
BRDA:158,26,0,0
BRDA:158,26,1,0
BRDA:160,27,0,0
BRDA:160,27,1,0
BRDA:168,28,0,0
BRDA:168,28,1,0
BRDA:170,29,0,0
BRDA:170,29,1,0
BRDA:178,30,0,1
BRDA:178,30,1,0
BRDA:180,31,0,1
BRDA:180,31,1,0
BRDA:187,32,0,0
BRDA:187,32,1,0
BRDA:189,33,0,0
BRDA:189,33,1,0
BRDA:196,34,0,0
BRDA:196,34,1,0
BRDA:198,35,0,0
BRDA:198,35,1,0
BRDA:206,36,0,0
BRDA:206,36,1,0
BRDA:208,37,0,0
BRDA:208,37,1,0
BRDA:218,38,0,0
BRDA:218,38,1,0
BRDA:220,39,0,0
BRDA:220,39,1,0
BRDA:228,40,0,0
BRDA:228,40,1,0
BRDA:230,41,0,0
BRDA:230,41,1,0
BRDA:237,42,0,0
BRDA:237,42,1,0
BRDA:239,43,0,0
BRDA:239,43,1,0
BRDA:247,44,0,0
BRDA:247,44,1,0
BRDA:249,45,0,0
BRDA:249,45,1,0
BRDA:261,46,0,0
BRDA:261,46,1,0
BRDA:264,47,0,0
BRDA:264,47,1,0
BRDA:271,48,0,0
BRDA:271,48,1,0
BRDA:273,49,0,0
BRDA:273,49,1,0
BRDA:281,50,0,0
BRDA:281,50,1,0
BRDA:283,51,0,0
BRDA:283,51,1,0
BRDA:290,52,0,0
BRDA:290,52,1,0
BRDA:292,53,0,0
BRDA:292,53,1,0
BRDA:301,54,0,0
BRDA:301,54,1,0
BRDA:303,55,0,0
BRDA:303,55,1,0
BRDA:304,56,0,0
BRDA:304,56,1,0
BRDA:312,57,0,0
BRDA:312,57,1,0
BRDA:314,58,0,0
BRDA:314,58,1,0
BRDA:322,59,0,0
BRDA:322,59,1,0
BRDA:324,60,0,0
BRDA:324,60,1,0
BRDA:337,61,0,0
BRDA:337,61,1,0
BRDA:339,62,0,0
BRDA:339,62,1,0
BRDA:340,63,0,0
BRDA:340,63,1,0
BRDA:347,64,0,0
BRDA:347,64,1,0
BRDA:349,65,0,0
BRDA:349,65,1,0
BRDA:358,66,0,0
BRDA:358,66,1,0
BRDA:360,67,0,0
BRDA:360,67,1,0
BRDA:361,68,0,0
BRDA:361,68,1,0
BRDA:368,69,0,0
BRDA:368,69,1,0
BRDA:370,70,0,0
BRDA:370,70,1,0
BRDA:379,71,0,0
BRDA:379,71,1,0
BRDA:381,72,0,0
BRDA:381,72,1,0
BRDA:382,73,0,0
BRDA:382,73,1,0
BRDA:390,74,0,0
BRDA:390,74,1,0
BRDA:392,75,0,0
BRDA:392,75,1,0
BRDA:407,76,0,0
BRDA:407,76,1,0
BRDA:410,77,0,0
BRDA:411,78,0,0
BRDA:411,78,1,0
BRDA:418,79,0,0
BRDA:418,79,1,0
BRDA:420,80,0,0
BRDA:420,80,1,0
BRDA:428,81,0,0
BRDA:428,81,1,0
BRDA:430,82,0,0
BRDA:430,82,1,0
BRDA:437,83,0,0
BRDA:437,83,1,0
BRDA:439,84,0,0
BRDA:439,84,1,0
BRDA:449,85,0,0
BRDA:449,85,1,0
BRDA:451,86,0,0
BRDA:451,86,1,0
BRDA:451,87,0,0
BRDA:451,87,1,0
BRDA:452,88,0,0
BRDA:452,88,1,0
BRDA:460,89,0,0
BRDA:460,89,1,0
BRDA:462,90,0,0
BRDA:462,90,1,0
BRDA:474,91,0,0
BRDA:474,91,1,0
BRDA:477,92,0,0
BRDA:477,92,1,0
BRDA:484,93,0,0
BRDA:484,93,1,0
BRDA:486,94,0,0
BRDA:486,94,1,0
BRDA:495,95,0,0
BRDA:495,95,1,0
BRDA:497,96,0,0
BRDA:497,96,1,0
BRDA:498,97,0,0
BRDA:498,97,1,0
BRDA:505,98,0,0
BRDA:505,98,1,0
BRDA:507,99,0,0
BRDA:507,99,1,0
BRDA:517,100,0,0
BRDA:517,100,1,0
BRDA:519,101,0,0
BRDA:519,101,1,0
BRDA:519,102,0,0
BRDA:519,102,1,0
BRDA:520,103,0,0
BRDA:520,103,1,0
BRDA:524,104,0,0
BRDA:524,104,1,0
BRDA:526,105,0,0
BRDA:526,105,1,0
BRDA:530,106,0,0
BRDA:530,106,1,0
BRDA:532,107,0,0
BRDA:532,107,1,0
BRDA:536,108,0,0
BRDA:536,108,1,0
BRDA:538,109,0,0
BRDA:538,109,1,0
BRDA:542,110,0,0
BRDA:542,110,1,0
BRDA:544,111,0,0
BRDA:544,111,1,0
BRDA:552,112,0,0
BRDA:552,112,1,0
BRDA:554,113,0,0
BRDA:554,113,1,0
BRDA:568,114,0,0
BRDA:568,114,1,0
BRDA:570,115,0,0
BRDA:570,115,1,0
BRDA:570,116,0,0
BRDA:570,116,1,0
BRDA:570,117,0,0
BRDA:570,117,1,0
BRDA:571,118,0,0
BRDA:571,118,1,0
BRDA:578,119,0,0
BRDA:578,119,1,0
BRDA:580,120,0,0
BRDA:580,120,1,0
BRDA:588,121,0,0
BRDA:588,121,1,0
BRDA:590,122,0,0
BRDA:590,122,1,0
BRDA:599,123,0,0
BRDA:599,123,1,0
BRDA:601,124,0,0
BRDA:601,124,1,0
BRDA:602,125,0,0
BRDA:602,125,1,0
BRDA:609,126,0,0
BRDA:609,126,1,0
BRDA:611,127,0,0
BRDA:611,127,1,0
BRDA:621,128,0,0
BRDA:621,128,1,0
BRDA:623,129,0,0
BRDA:623,129,1,0
BRDA:633,130,0,0
BRDA:633,130,1,0
BRDA:635,131,0,0
BRDA:635,131,1,0
BRDA:636,132,0,0
BRDA:636,132,1,0
BRDA:649,133,0,0
BRDA:649,133,1,0
BRDA:653,134,0,0
BRDA:653,134,1,0
BRDA:660,135,0,0
BRDA:660,135,1,0
BRDA:662,136,0,0
BRDA:662,136,1,0
BRDA:672,137,0,0
BRDA:672,137,1,0
BRDA:674,138,0,0
BRDA:674,138,1,0
BRDA:674,139,0,0
BRDA:674,139,1,0
BRDA:675,140,0,0
BRDA:675,140,1,0
BRDA:682,141,0,0
BRDA:682,141,1,0
BRDA:684,142,0,0
BRDA:684,142,1,0
BRDA:692,143,0,0
BRDA:692,143,1,0
BRDA:694,144,0,0
BRDA:694,144,1,0
BRDA:699,145,0,0
BRF:289
BRH:11
end_of_record
TN:
SF:src/index.ts
FN:24,(anonymous_1)
FN:30,(anonymous_2)
FN:33,(anonymous_3)
FN:34,(anonymous_4)
FN:35,(anonymous_5)
FN:36,(anonymous_6)
FN:37,(anonymous_7)
FN:38,(anonymous_8)
FN:42,(anonymous_9)
FN:45,(anonymous_10)
FN:46,(anonymous_11)
FN:47,(anonymous_12)
FN:48,(anonymous_13)
FN:49,(anonymous_14)
FN:50,(anonymous_15)
FN:51,(anonymous_16)
FN:52,(anonymous_17)
FN:56,(anonymous_18)
FN:59,(anonymous_19)
FN:60,(anonymous_20)
FN:61,(anonymous_21)
FN:62,(anonymous_22)
FN:66,(anonymous_23)
FN:69,(anonymous_24)
FN:70,(anonymous_25)
FN:71,(anonymous_26)
FN:72,(anonymous_27)
FN:73,(anonymous_28)
FN:74,(anonymous_29)
FN:75,(anonymous_30)
FN:79,(anonymous_31)
FN:82,(anonymous_32)
FN:83,(anonymous_33)
FN:84,(anonymous_34)
FN:85,(anonymous_35)
FN:86,(anonymous_36)
FN:87,(anonymous_37)
FN:91,(anonymous_38)
FN:94,(anonymous_39)
FN:95,(anonymous_40)
FN:96,(anonymous_41)
FN:97,(anonymous_42)
FN:98,(anonymous_43)
FN:99,(anonymous_44)
FN:103,(anonymous_45)
FN:106,(anonymous_46)
FN:107,(anonymous_47)
FN:108,(anonymous_48)
FN:109,(anonymous_49)
FN:110,(anonymous_50)
FN:111,(anonymous_51)
FN:112,(anonymous_52)
FN:113,(anonymous_53)
FN:114,(anonymous_54)
FN:115,(anonymous_55)
FN:119,(anonymous_56)
FN:122,(anonymous_57)
FN:123,(anonymous_58)
FN:124,(anonymous_59)
FN:125,(anonymous_60)
FN:126,(anonymous_61)
FN:130,(anonymous_62)
FN:133,(anonymous_63)
FN:134,(anonymous_64)
FN:138,(anonymous_65)
FN:141,(anonymous_66)
FN:142,(anonymous_67)
FN:143,(anonymous_68)
FN:144,(anonymous_69)
FN:145,(anonymous_70)
FN:163,(anonymous_71)
FN:164,(anonymous_72)
FN:165,(anonymous_73)
FN:166,(anonymous_74)
FN:167,(anonymous_75)
FNF:75
FNH:12
FNDA:10,(anonymous_1)
FNDA:6,(anonymous_2)
FNDA:0,(anonymous_3)
FNDA:0,(anonymous_4)
FNDA:0,(anonymous_5)
FNDA:0,(anonymous_6)
FNDA:0,(anonymous_7)
FNDA:0,(anonymous_8)
FNDA:8,(anonymous_9)
FNDA:0,(anonymous_10)
FNDA:0,(anonymous_11)
FNDA:0,(anonymous_12)
FNDA:0,(anonymous_13)
FNDA:0,(anonymous_14)
FNDA:0,(anonymous_15)
FNDA:0,(anonymous_16)
FNDA:0,(anonymous_17)
FNDA:5,(anonymous_18)
FNDA:0,(anonymous_19)
FNDA:0,(anonymous_20)
FNDA:0,(anonymous_21)
FNDA:0,(anonymous_22)
FNDA:0,(anonymous_23)
FNDA:0,(anonymous_24)
FNDA:0,(anonymous_25)
FNDA:0,(anonymous_26)
FNDA:0,(anonymous_27)
FNDA:0,(anonymous_28)
FNDA:0,(anonymous_29)
FNDA:0,(anonymous_30)
FNDA:0,(anonymous_31)
FNDA:0,(anonymous_32)
FNDA:0,(anonymous_33)
FNDA:0,(anonymous_34)
FNDA:0,(anonymous_35)
FNDA:0,(anonymous_36)
FNDA:0,(anonymous_37)
FNDA:2,(anonymous_38)
FNDA:0,(anonymous_39)
FNDA:0,(anonymous_40)
FNDA:0,(anonymous_41)
FNDA:0,(anonymous_42)
FNDA:0,(anonymous_43)
FNDA:0,(anonymous_44)
FNDA:0,(anonymous_45)
FNDA:0,(anonymous_46)
FNDA:0,(anonymous_47)
FNDA:0,(anonymous_48)
FNDA:0,(anonymous_49)
FNDA:0,(anonymous_50)
FNDA:0,(anonymous_51)
FNDA:0,(anonymous_52)
FNDA:0,(anonymous_53)
FNDA:0,(anonymous_54)
FNDA:0,(anonymous_55)
FNDA:0,(anonymous_56)
FNDA:0,(anonymous_57)
FNDA:0,(anonymous_58)
FNDA:0,(anonymous_59)
FNDA:0,(anonymous_60)
FNDA:0,(anonymous_61)
FNDA:3,(anonymous_62)
FNDA:0,(anonymous_63)
FNDA:0,(anonymous_64)
FNDA:2,(anonymous_65)
FNDA:0,(anonymous_66)
FNDA:0,(anonymous_67)
FNDA:0,(anonymous_68)
FNDA:0,(anonymous_69)
FNDA:0,(anonymous_70)
FNDA:1,(anonymous_71)
FNDA:1,(anonymous_72)
FNDA:1,(anonymous_73)
FNDA:1,(anonymous_74)
FNDA:1,(anonymous_75)
DA:2,1
DA:3,1
DA:4,1
DA:5,1
DA:6,1
DA:7,1
DA:8,1
DA:9,1
DA:10,1
DA:11,1
DA:12,1
DA:13,1
DA:20,1
DA:25,10
DA:26,10
DA:27,10
DA:31,6
DA:32,6
DA:33,0
DA:34,0
DA:35,0
DA:36,0
DA:37,0
DA:38,0
DA:43,8
DA:44,8
DA:45,0
DA:46,0
DA:47,0
DA:48,0
DA:49,0
DA:50,0
DA:51,0
DA:52,0
DA:57,5
DA:58,5
DA:59,0
DA:60,0
DA:61,0
DA:62,0
DA:67,0
DA:68,0
DA:69,0
DA:70,0
DA:71,0
DA:72,0
DA:73,0
DA:74,0
DA:75,0
DA:80,0
DA:81,0
DA:82,0
DA:83,0
DA:84,0
DA:85,0
DA:86,0
DA:87,0
DA:92,2
DA:93,2
DA:94,0
DA:95,0
DA:96,0
DA:97,0
DA:98,0
DA:99,0
DA:104,0
DA:105,0
DA:106,0
DA:107,0
DA:108,0
DA:109,0
DA:110,0
DA:111,0
DA:112,0
DA:113,0
DA:114,0
DA:115,0
DA:120,0
DA:121,0
DA:122,0
DA:123,0
DA:124,0
DA:125,0
DA:126,0
DA:131,3
DA:132,3
DA:133,0
DA:134,0
DA:139,2
DA:140,2
DA:141,0
DA:142,0
DA:143,0
DA:144,0
DA:145,0
DA:152,1
DA:153,1
DA:154,1
DA:155,1
DA:156,1
DA:157,1
DA:158,1
DA:159,1
DA:160,1
DA:161,1
DA:163,2
DA:164,2
DA:165,2
DA:166,2
DA:167,2
LF:110
LH:43
BRDA:24,0,0,0
BRDA:25,1,0,10
BRDA:25,1,1,0
BRDA:27,2,0,10
BRDA:27,2,1,9
BRF:5
BRH:3
end_of_record
TN:
SF:src/lib/client.ts
FN:7,createClient
FNF:1
FNH:1
FNDA:110,createClient
DA:1,15
DA:7,15
DA:8,110
LF:3
LH:3
BRF:0
BRH:0
end_of_record
TN:
SF:src/lib/config.ts
FN:7,(anonymous_10)
FN:15,getApiKey
FN:33,isLiveMode
FN:37,validateApiKey
FNF:4
FNH:4
FNDA:2,(anonymous_10)
FNDA:3,getApiKey
FNDA:2,isLiveMode
FNDA:3,validateApiKey
DA:1,8
DA:2,8
DA:3,8
DA:4,8
DA:6,8
DA:8,2
DA:9,2
DA:13,8
DA:15,8
DA:16,3
DA:17,1
DA:20,2
DA:21,1
DA:22,1
DA:23,1
DA:24,1
DA:28,1
DA:33,8
DA:34,2
DA:37,8
DA:38,3
DA:39,1
LF:22
LH:22
BRDA:16,0,0,1
BRDA:20,1,0,1
BRDA:23,2,0,1
BRDA:38,3,0,1
BRDA:38,4,0,3
BRDA:38,4,1,2
BRF:6
BRH:6
end_of_record
TN:
SF:src/lib/errors.ts
FN:9,isStripeErrorLike
FN:18,formatError
FNF:2
FNH:2
FNDA:5,isStripeErrorLike
FNDA:5,formatError
DA:10,5
DA:18,6
DA:19,5
DA:20,1
DA:21,1
DA:22,1
DA:23,1
DA:24,1
DA:25,1
DA:26,1
DA:27,1
DA:30,4
DA:31,2
DA:34,2
DA:35,1
DA:38,1
LF:16
LH:16
BRDA:11,0,0,5
BRDA:11,0,1,4
BRDA:11,0,2,4
BRDA:11,0,3,3
BRDA:11,0,4,1
BRDA:19,1,0,1
BRDA:22,2,0,1
BRDA:23,3,0,1
BRDA:24,4,0,1
BRDA:25,5,0,1
BRDA:26,6,0,0
BRDA:30,7,0,2
BRDA:34,8,0,1
BRF:13
BRH:12
end_of_record
TN:
SF:src/lib/idempotency.ts
FN:3,generateKey
FNF:1
FNH:1
FNDA:4,generateKey
DA:1,7
DA:3,7
DA:4,4
LF:3
LH:3
BRF:0
BRH:0
end_of_record
TN:
SF:src/lib/output.ts
FN:3,formatOutput
FN:21,(anonymous_2)
FNF:2
FNH:2
FNDA:9,formatOutput
FNDA:10,(anonymous_2)
DA:1,7
DA:3,7
DA:4,9
DA:5,4
DA:8,5
DA:10,5
DA:11,1
DA:14,4
DA:15,4
DA:17,4
DA:19,4
DA:20,5
DA:21,5
DA:22,10
DA:23,10
DA:24,10
DA:25,8
DA:27,5
DA:30,4
LF:19
LH:19
BRDA:4,0,0,4
BRDA:8,1,0,3
BRDA:8,1,1,2
BRDA:10,2,0,1
BRDA:23,3,0,0
BRDA:23,4,0,10
BRDA:23,4,1,10
BRDA:24,5,0,2
BRF:8
BRH:7
end_of_record
TN:
SF:src/resources/charges.ts
FN:5,(anonymous_0)
FN:9,(anonymous_1)
FN:13,(anonymous_2)
FN:17,(anonymous_3)
FNF:4
FNH:4
FNDA:2,(anonymous_0)
FNDA:2,(anonymous_1)
FNDA:2,(anonymous_2)
FNDA:1,(anonymous_3)
DA:2,3
DA:4,3
DA:6,2
DA:10,2
DA:14,2
DA:18,1
LF:6
LH:6
BRF:0
BRH:0
end_of_record
TN:
SF:src/resources/customers.ts
FN:5,(anonymous_0)
FN:9,(anonymous_1)
FN:13,(anonymous_2)
FN:17,(anonymous_3)
FN:21,(anonymous_4)
FN:25,(anonymous_5)
FNF:6
FNH:6
FNDA:2,(anonymous_0)
FNDA:2,(anonymous_1)
FNDA:2,(anonymous_2)
FNDA:2,(anonymous_3)
FNDA:2,(anonymous_4)
FNDA:1,(anonymous_5)
DA:2,3
DA:4,3
DA:6,2
DA:10,2
DA:14,2
DA:18,2
DA:22,2
DA:26,1
LF:8
LH:8
BRF:0
BRH:0
end_of_record
TN:
SF:src/resources/events.ts
FN:4,(anonymous_0)
FN:8,(anonymous_1)
FNF:2
FNH:2
FNDA:2,(anonymous_0)
FNDA:3,(anonymous_1)
DA:3,3
DA:5,2
DA:9,3
LF:3
LH:3
BRF:0
BRH:0
end_of_record
TN:
SF:src/resources/invoices.ts
FN:5,(anonymous_0)
FN:9,(anonymous_1)
FN:13,(anonymous_2)
FN:17,(anonymous_3)
FN:21,(anonymous_4)
FN:25,(anonymous_5)
FN:29,(anonymous_6)
FN:33,(anonymous_7)
FN:37,(anonymous_8)
FN:41,(anonymous_9)
FNF:10
FNH:10
FNDA:2,(anonymous_0)
FNDA:1,(anonymous_1)
FNDA:1,(anonymous_2)
FNDA:1,(anonymous_3)
FNDA:1,(anonymous_4)
FNDA:1,(anonymous_5)
FNDA:1,(anonymous_6)
FNDA:1,(anonymous_7)
FNDA:1,(anonymous_8)
FNDA:1,(anonymous_9)
DA:2,3
DA:4,3
DA:6,2
DA:10,1
DA:14,1
DA:18,1
DA:22,1
DA:26,1
DA:30,1
DA:34,1
DA:38,1
DA:42,1
LF:12
LH:12
BRF:0
BRH:0
end_of_record
TN:
SF:src/resources/payment-intents.ts
FN:5,(anonymous_0)
FN:9,(anonymous_1)
FN:13,(anonymous_2)
FN:17,(anonymous_3)
FN:21,(anonymous_4)
FN:25,(anonymous_5)
FN:29,(anonymous_6)
FN:33,(anonymous_7)
FNF:8
FNH:8
FNDA:2,(anonymous_0)
FNDA:2,(anonymous_1)
FNDA:1,(anonymous_2)
FNDA:1,(anonymous_3)
FNDA:2,(anonymous_4)
FNDA:1,(anonymous_5)
FNDA:1,(anonymous_6)
FNDA:1,(anonymous_7)
DA:2,3
DA:4,3
DA:6,2
DA:10,2
DA:14,1
DA:18,1
DA:22,2
DA:26,1
DA:30,1
DA:34,1
LF:10
LH:10
BRF:0
BRH:0
end_of_record
TN:
SF:src/resources/prices.ts
FN:5,(anonymous_0)
FN:9,(anonymous_1)
FN:13,(anonymous_2)
FN:17,(anonymous_3)
FN:21,(anonymous_4)
FN:25,(anonymous_5)
FNF:6
FNH:6
FNDA:2,(anonymous_0)
FNDA:1,(anonymous_1)
FNDA:1,(anonymous_2)
FNDA:1,(anonymous_3)
FNDA:1,(anonymous_4)
FNDA:1,(anonymous_5)
DA:2,3
DA:4,3
DA:6,2
DA:10,1
DA:14,1
DA:18,1
DA:22,1
DA:26,1
LF:8
LH:8
BRF:0
BRH:0
end_of_record
TN:
SF:src/resources/products.ts
FN:5,(anonymous_0)
FN:9,(anonymous_1)
FN:13,(anonymous_2)
FN:17,(anonymous_3)
FN:21,(anonymous_4)
FN:25,(anonymous_5)
FNF:6
FNH:6
FNDA:2,(anonymous_0)
FNDA:1,(anonymous_1)
FNDA:1,(anonymous_2)
FNDA:2,(anonymous_3)
FNDA:2,(anonymous_4)
FNDA:1,(anonymous_5)
DA:2,3
DA:4,3
DA:6,2
DA:10,1
DA:14,1
DA:18,2
DA:22,2
DA:26,1
LF:8
LH:8
BRF:0
BRH:0
end_of_record
TN:
SF:src/resources/refunds.ts
FN:5,(anonymous_0)
FN:9,(anonymous_1)
FN:13,(anonymous_2)
FN:17,(anonymous_3)
FN:21,(anonymous_4)
FNF:5
FNH:5
FNDA:3,(anonymous_0)
FNDA:1,(anonymous_1)
FNDA:1,(anonymous_2)
FNDA:2,(anonymous_3)
FNDA:2,(anonymous_4)
DA:2,3
DA:4,3
DA:6,3
DA:10,1
DA:14,1
DA:18,2
DA:22,2
LF:7
LH:7
BRF:0
BRH:0
end_of_record
TN:
SF:src/resources/subscriptions.ts
FN:5,(anonymous_0)
FN:9,(anonymous_1)
FN:13,(anonymous_2)
FN:17,(anonymous_3)
FN:21,(anonymous_4)
FN:25,(anonymous_5)
FN:29,(anonymous_6)
FNF:7
FNH:7
FNDA:2,(anonymous_0)
FNDA:1,(anonymous_1)
FNDA:1,(anonymous_2)
FNDA:2,(anonymous_3)
FNDA:1,(anonymous_4)
FNDA:1,(anonymous_5)
FNDA:1,(anonymous_6)
DA:2,3
DA:4,3
DA:6,2
DA:10,1
DA:14,1
DA:18,2
DA:22,1
DA:26,1
DA:30,1
LF:9
LH:9
BRF:0
BRH:0
end_of_record
TN:
SF:src/resources/webhook-endpoints.ts
FN:5,(anonymous_0)
FN:9,(anonymous_1)
FN:13,(anonymous_2)
FN:17,(anonymous_3)
FN:21,(anonymous_4)
FNF:5
FNH:5
FNDA:3,(anonymous_0)
FNDA:1,(anonymous_1)
FNDA:1,(anonymous_2)
FNDA:2,(anonymous_3)
FNDA:1,(anonymous_4)
DA:2,3
DA:4,3
DA:6,3
DA:10,1
DA:14,1
DA:18,2
DA:22,1
LF:7
LH:7
BRF:0
BRH:0
end_of_record
